<?xml version="1.0" encoding="UTF-8"?>
<!-- Generated by org.testng.reporters.JUnitXMLReporter -->
<testsuite ignored="2" hostname="Lenovo" failures="1" tests="11" name="Banner Test(failed)" time="164.882" errors="0" timestamp="2023-02-06T20:49:35 IST">
  <testcase classname="com.BannerTestcase.TC_Delete_01" name="deleteTest" time="8.515"/>
  <testcase classname="com.BannerTestcase.TC_Delete_01" name="deletecancelTest" time="7.355"/>
  <testcase classname="com.BannerTestcase.TC_Record_01" name="RecordTest" time="12.305"/>
  <testcase classname="com.BannerTestcase.TC_Banner_01" name="negativeWORD" time="20.786">
    <failure type="org.openqa.selenium.ElementClickInterceptedException" message="element click intercepted: Element &amp;lt;button type=&amp;quot;submit&amp;quot; class=&amp;quot;btn btn-primary px-4 py-1&amp;quot;&amp;gt;...&amp;lt;/button&amp;gt; is not clickable at point (422, 418). Other element would receive the click: &amp;lt;iframe style=&amp;quot;background-color: rgb(23, 22, 26); border-radius: 5px; width: 100%; height: 100%;&amp;quot;&amp;gt;&amp;lt;/iframe&amp;gt;
  (Session info: chrome=109.0.5414.120)
Build info: version: &amp;apos;4.7.2&amp;apos;, revision: &amp;apos;4d4020c3b7&amp;apos;
System info: os.name: &amp;apos;Windows 11&amp;apos;, os.arch: &amp;apos;amd64&amp;apos;, os.version: &amp;apos;10.0&amp;apos;, java.version: &amp;apos;17.0.6&amp;apos;
Driver info: org.openqa.selenium.chrome.ChromeDriver
Command: [66c4a4501662f0ee39515afd647f6f8d, clickElement {id=57c28e31-e899-461d-84e8-ef10c4b2fbe5}]
Capabilities {acceptInsecureCerts: false, browserName: chrome, browserVersion: 109.0.5414.120, chrome: {chromedriverVersion: 109.0.5414.74 (e7c5703604da..., userDataDir: C:\Users\91996\AppData\Loca...}, goog:chromeOptions: {debuggerAddress: localhost:56699}, networkConnectionEnabled: false, pageLoadStrategy: normal, platformName: WINDOWS, proxy: Proxy(), se:cdp: ws://localhost:56699/devtoo..., se:cdpVersion: 109.0.5414.120, setWindowRect: true, strictFileInteractability: false, timeouts: {implicit: 0, pageLoad: 300000, script: 30000}, unhandledPromptBehavior: dismiss and notify, webauthn:extension:credBlob: true, webauthn:extension:largeBlob: true, webauthn:virtualAuthenticators: true}
Element: [[ChromeDriver: chrome on WINDOWS (66c4a4501662f0ee39515afd647f6f8d)] -&amp;gt; xpath: //*[@id=&amp;apos;content&amp;apos;]/div/div[2]/div/button[1]]
Session ID: 66c4a4501662f0ee39515afd647f6f8d">
      <![CDATA[org.openqa.selenium.ElementClickInterceptedException: element click intercepted: Element <button type="submit" class="btn btn-primary px-4 py-1">...</button> is not clickable at point (422, 418). Other element would receive the click: <iframe style="background-color: rgb(23, 22, 26); border-radius: 5px; width: 100%; height: 100%;"></iframe>
  (Session info: chrome=109.0.5414.120)
Build info: version: '4.7.2', revision: '4d4020c3b7'
System info: os.name: 'Windows 11', os.arch: 'amd64', os.version: '10.0', java.version: '17.0.6'
Driver info: org.openqa.selenium.chrome.ChromeDriver
Command: [66c4a4501662f0ee39515afd647f6f8d, clickElement {id=57c28e31-e899-461d-84e8-ef10c4b2fbe5}]
Capabilities {acceptInsecureCerts: false, browserName: chrome, browserVersion: 109.0.5414.120, chrome: {chromedriverVersion: 109.0.5414.74 (e7c5703604da..., userDataDir: C:\Users\91996\AppData\Loca...}, goog:chromeOptions: {debuggerAddress: localhost:56699}, networkConnectionEnabled: false, pageLoadStrategy: normal, platformName: WINDOWS, proxy: Proxy(), se:cdp: ws://localhost:56699/devtoo..., se:cdpVersion: 109.0.5414.120, setWindowRect: true, strictFileInteractability: false, timeouts: {implicit: 0, pageLoad: 300000, script: 30000}, unhandledPromptBehavior: dismiss and notify, webauthn:extension:credBlob: true, webauthn:extension:largeBlob: true, webauthn:virtualAuthenticators: true}
Element: [[ChromeDriver: chrome on WINDOWS (66c4a4501662f0ee39515afd647f6f8d)] -> xpath: //*[@id='content']/div/div[2]/div/button[1]]
Session ID: 66c4a4501662f0ee39515afd647f6f8d
at org.openqa.selenium.remote.codec.w3c.W3CHttpResponseCodec.createException(W3CHttpResponseCodec.java:200)
at org.openqa.selenium.remote.codec.w3c.W3CHttpResponseCodec.decode(W3CHttpResponseCodec.java:133)
at org.openqa.selenium.remote.codec.w3c.W3CHttpResponseCodec.decode(W3CHttpResponseCodec.java:53)
at org.openqa.selenium.remote.HttpCommandExecutor.execute(HttpCommandExecutor.java:184)
at org.openqa.selenium.remote.service.DriverCommandExecutor.invokeExecute(DriverCommandExecutor.java:167)
at org.openqa.selenium.remote.service.DriverCommandExecutor.execute(DriverCommandExecutor.java:142)
at org.openqa.selenium.remote.RemoteWebDriver.execute(RemoteWebDriver.java:535)
at org.openqa.selenium.remote.RemoteWebElement.execute(RemoteWebElement.java:257)
at org.openqa.selenium.remote.RemoteWebElement.click(RemoteWebElement.java:78)
at org.openqa.selenium.support.pagefactory.internal.LocatingElementHandler.invoke(LocatingElementHandler.java:52)
at jdk.proxy2/jdk.proxy2.$Proxy19.click(Unknown Source)
at com.YetloPageObjects.BannerPage.ClickAdd(BannerPage.java:191)
at com.BannerTestcase.TC_Banner_01.negativeWORD(TC_Banner_01.java:87)
at java.base/java.util.ArrayList.forEach(ArrayList.java:1511)
... Removed 35 stack frames]]>
    </failure>
  </testcase> <!-- negativeWORD -->
  <testcase classname="com.BannerTestcase.TC_Banner_01" name="negativedoc" time="19.818"/>
  <testcase classname="com.BannerTestcase.TC_SortTest_01" name="Sorttest" time="10.909"/>
  <testcase classname="com.BannerTestcase.TC_Search_01" name="searchTest" time="9.463"/>
  <testcase classname="com.BannerTestcase.TC_Search_01" name="searchTestNeg" time="5.501"/>
  <testcase classname="com.BannerTestcase.TC_ClearBanner_02" name="clearTest" time="20.728"/>
  <testcase classname="com.BannerTestcase.TC_EditPosstive_01" name="Edittest" time="27.394"/>
  <testcase classname="com.BannerTestcase.TC_EditPosstive_01" name="EditNegative" time="15.642"/>
  <testcase classname="com.BannerTestcase.TC_Banner_01" name="TC_Banner" time="0.0">
    <ignored/>
  </testcase> <!-- TC_Banner -->
  <testcase classname="com.BannerTestcase.TC_Banner_01" name="negativePDF" time="0.0">
    <ignored/>
  </testcase> <!-- negativePDF -->
</testsuite> <!-- Banner Test(failed) -->
