<!DOCTYPE html PUBLIC "-//W3C//DTD XHTML 1.1//EN" "https://www.w3.org/TR/xhtml11/DTD/xhtml11.dtd">
<html xmlns="https://www.w3.org/1999/xhtml">
<head>
<meta http-equiv="content-type" content="text/html; charset=UTF-8"/>
<title>TestNG Report</title>
<style type="text/css">table {margin-bottom:10px;border-collapse:collapse;empty-cells:show}th,td {border:1px solid #009;padding:.25em .5em}th {vertical-align:bottom}td {vertical-align:top}table a {font-weight:bold}.stripe td {background-color: #E6EBF9}.num {text-align:right}.passedodd td {background-color: #3F3}.passedeven td {background-color: #0A0}.skippedodd td {background-color: #DDD}.skippedeven td {background-color: #CCC}.failedodd td,.attn {background-color: #F33}.failedeven td,.stripe .attn {background-color: #D00}.stacktrace {white-space:pre;font-family:monospace}.totop {font-size:85%;text-align:center;border-bottom:2px solid #000}.invisible {display:none}</style>
</head>
<body>
<table>
<tr><th>Test</th><th># Passed</th><th># Skipped</th><th># Retried</th><th># Failed</th><th>Time (ms)</th><th>Included Groups</th><th>Excluded Groups</th></tr>
<tr><th colspan="8">YetloSocial</th></tr>
<tr><td><a href="#t0">Banner Test</a></td><td class="num">96</td><td class="num">0</td><td class="num">0</td><td class="num attn">28</td><td class="num">3,577,973</td><td></td><td></td></tr>
</table>
<table id='summary'><thead><tr><th>Class</th><th>Method</th><th>Start</th><th>Time (ms)</th></tr></thead><tbody><tr><th colspan="4">YetloSocial</th></tr></tbody><tbody id="t0"><tr><th colspan="4">Banner Test &#8212; failed</th></tr><tr class="failedeven"><td rowspan="1">com.BusniessCategoriesTestcase.TC_Action_01</td><td><a href="#m0">ActionAddposterMandatory</a></td><td rowspan="1">1676976784290</td><td rowspan="1">2438</td></tr><tr class="failedodd"><td rowspan="3">com.BusniessCategoriesTestcase.TC_AddCategory_01</td><td><a href="#m1">AddCategoryMandatory</a></td><td rowspan="1">1676976578920</td><td rowspan="1">3779</td></tr><tr class="failedodd"><td><a href="#m2">AddCategoryTestClear</a></td><td rowspan="1">1676976569596</td><td rowspan="1">5184</td></tr><tr class="failedodd"><td><a href="#m3">AddCategoryTestNegative</a></td><td rowspan="1">1676976574785</td><td rowspan="1">4135</td></tr><tr class="failedeven"><td rowspan="1">com.BusniessCategoriesTestcase.TC_Edit_01</td><td><a href="#m4">editTest</a></td><td rowspan="1">1676976814038</td><td rowspan="1">34936</td></tr><tr class="failedodd"><td rowspan="1">com.BusniessCategoriesTestcase.TC_Record_01</td><td><a href="#m5">Recordtestcategory</a></td><td rowspan="1">1676976725528</td><td rowspan="1">12686</td></tr><tr class="failedeven"><td rowspan="3">com.CustomerTestcase.TC_Actionclass_01</td><td><a href="#m6">actionmandatoryInvalid</a></td><td rowspan="1">1676975221547</td><td rowspan="1">25169</td></tr><tr class="failedeven"><td><a href="#m7">actionmandatoryNegative</a></td><td rowspan="1">1676975171706</td><td rowspan="1">21504</td></tr><tr class="failedeven"><td><a href="#m8">actionmandatoryPosstive</a></td><td rowspan="1">1676975193210</td><td rowspan="1">28337</td></tr><tr class="failedodd"><td rowspan="1">com.FrameTestCase.EditFrame</td><td><a href="#m9">editTest</a></td><td rowspan="1">1676974639247</td><td rowspan="1">37266</td></tr><tr class="failedeven"><td rowspan="3">com.NotificationTestcase.TC_Search_01</td><td><a href="#m10">searchTest</a></td><td rowspan="1">1676975927456</td><td rowspan="1">1655</td></tr><tr class="failedeven"><td><a href="#m11">searchTestNegative</a></td><td rowspan="1">1676975929111</td><td rowspan="1">2403</td></tr><tr class="failedeven"><td><a href="#m12">searchTestNegative1</a></td><td rowspan="1">1676975931514</td><td rowspan="1">246162</td></tr><tr class="failedodd"><td rowspan="2">com.NotificationTestcase.TC_SendNotification_01</td><td><a href="#m13">notification</a></td><td rowspan="1">1676976324132</td><td rowspan="1">75301</td></tr><tr class="failedodd"><td><a href="#m14">notificationROUTINE</a></td><td rowspan="1">1676976421199</td><td rowspan="1">13547</td></tr><tr class="failedeven"><td rowspan="2">com.OtherPosterCategoriesTestcase.TC_Action_01</td><td><a href="#m15">actionTesteye</a></td><td rowspan="1">1676976972618</td><td rowspan="1">14131</td></tr><tr class="failedeven"><td><a href="#m16">actionTesteyeclear</a></td><td rowspan="1">1676976986751</td><td rowspan="1">13266</td></tr><tr class="failedodd"><td rowspan="1">com.OtherPosterCategoriesTestcase.TC_Edit_01</td><td><a href="#m17">actionedit1</a></td><td rowspan="1">1676977111724</td><td rowspan="1">68589</td></tr><tr class="failedeven"><td rowspan="2">com.OtherPosterCategoriesTestcase.TC_Record_01</td><td><a href="#m18">actionTestrecord</a></td><td rowspan="1">1676977258565</td><td rowspan="1">21819</td></tr><tr class="failedeven"><td><a href="#m19">actionTestrecord1</a></td><td rowspan="1">1676977280384</td><td rowspan="1">9420</td></tr><tr class="failedodd"><td rowspan="1">com.OtherPosterCategoriesTestcase.TC_Search_01</td><td><a href="#m20">actionTestsearch</a></td><td rowspan="1">1676977378897</td><td rowspan="1">11211</td></tr><tr class="failedeven"><td rowspan="1">com.OtherPosterCategoriesTestcase.TC_Sort_01</td><td><a href="#m21">actionTestsort</a></td><td rowspan="1">1676977461325</td><td rowspan="1">19556</td></tr><tr class="failedodd"><td rowspan="1">com.StyleTestcase.TC_ActionEditClear_02</td><td><a href="#m22">editclear</a></td><td rowspan="1">1676974853028</td><td rowspan="1">44442</td></tr><tr class="failedeven"><td rowspan="2">com.StyleTestcase.TC_ActionEdit_01</td><td><a href="#m23">ActionEdit</a></td><td rowspan="1">1676974832935</td><td rowspan="1">19009</td></tr><tr class="failedeven"><td><a href="#m24">ActionEditmandatory</a></td><td rowspan="1">1676974813483</td><td rowspan="1">19452</td></tr><tr class="failedodd"><td rowspan="1">com.StyleTestcase.TC_AddStyle_01</td><td><a href="#m25">cleartest</a></td><td rowspan="1">1676974924180</td><td rowspan="1">2303</td></tr><tr class="failedeven"><td rowspan="1">com.ordersTestcase.TC_Search_01</td><td><a href="#m26">selectBuyamount</a></td><td rowspan="1">1676975818811</td><td rowspan="1">7831</td></tr><tr class="failedodd"><td rowspan="1">com.ordersTestcase.TC_Sort_01</td><td><a href="#m27">sorttest</a></td><td rowspan="1">1676975841335</td><td rowspan="1">85068</td></tr><tr><th colspan="4">Banner Test &#8212; passed</th></tr><tr class="passedeven"><td rowspan="4">com.BannerTestcase.TC_Banner_01</td><td><a href="#m28">TC_Banner</a></td><td rowspan="1">1676973969772</td><td rowspan="1">43076</td></tr><tr class="passedeven"><td><a href="#m29">negativeDOCX</a></td><td rowspan="1">1676974029882</td><td rowspan="1">39115</td></tr><tr class="passedeven"><td><a href="#m30">negativePDF</a></td><td rowspan="1">1676974012853</td><td rowspan="1">17028</td></tr><tr class="passedeven"><td><a href="#m31">negativeTXT</a></td><td rowspan="1">1676974069000</td><td rowspan="1">36491</td></tr><tr class="passedodd"><td rowspan="1">com.BannerTestcase.TC_ClearBanner_02</td><td><a href="#m32">clearTest</a></td><td rowspan="1">1676974106377</td><td rowspan="1">57884</td></tr><tr class="passedeven"><td rowspan="2">com.BannerTestcase.TC_Edit_01</td><td><a href="#m33">EditNegative</a></td><td rowspan="1">1676974219716</td><td rowspan="1">25532</td></tr><tr class="passedeven"><td><a href="#m34">Edittest</a></td><td rowspan="1">1676974165172</td><td rowspan="1">54544</td></tr><tr class="passedodd"><td rowspan="1">com.BannerTestcase.TC_Record_01</td><td><a href="#m35">RecordTest</a></td><td rowspan="1">1676974246282</td><td rowspan="1">47481</td></tr><tr class="passedeven"><td rowspan="2">com.BannerTestcase.TC_Search_01</td><td><a href="#m36">searchTest</a></td><td rowspan="1">1676974294714</td><td rowspan="1">57529</td></tr><tr class="passedeven"><td><a href="#m37">searchTestNeg</a></td><td rowspan="1">1676974352252</td><td rowspan="1">8144</td></tr><tr class="passedodd"><td rowspan="1">com.BannerTestcase.TC_SortTest_01</td><td><a href="#m38">Sorttest</a></td><td rowspan="1">1676974361370</td><td rowspan="1">46858</td></tr><tr class="passedeven"><td rowspan="3">com.BusniessCategoriesTestcase.TC_Action_01</td><td><a href="#m39">ActionAddposter</a></td><td rowspan="1">1676976739256</td><td rowspan="1">45034</td></tr><tr class="passedeven"><td><a href="#m40">ActionAddposterNegative</a></td><td rowspan="1">1676976786728</td><td rowspan="1">15371</td></tr><tr class="passedeven"><td><a href="#m41">ActionAddposterclear</a></td><td rowspan="1">1676976802099</td><td rowspan="1">11014</td></tr><tr class="passedodd"><td rowspan="1">com.BusniessCategoriesTestcase.TC_AddCategory_01</td><td><a href="#m42">AddCategoryTest</a></td><td rowspan="1">1676976515188</td><td rowspan="1">54408</td></tr><tr class="passedeven"><td rowspan="1">com.BusniessCategoriesTestcase.TC_Edit_01</td><td><a href="#m43">editTestcategory</a></td><td rowspan="1">1676976848974</td><td rowspan="1">19530</td></tr><tr class="passedodd"><td rowspan="1">com.BusniessCategoriesTestcase.TC_Record_01</td><td><a href="#m44">Recordtest</a></td><td rowspan="1">1676976686631</td><td rowspan="1">38897</td></tr><tr class="passedeven"><td rowspan="3">com.BusniessCategoriesTestcase.TC_Search_01</td><td><a href="#m45">SearchTest</a></td><td rowspan="1">1676976583725</td><td rowspan="1">32954</td></tr><tr class="passedeven"><td><a href="#m46">SearchTestNegative</a></td><td rowspan="1">1676976625075</td><td rowspan="1">6751</td></tr><tr class="passedeven"><td><a href="#m47">SearchTestname</a></td><td rowspan="1">1676976616679</td><td rowspan="1">8395</td></tr><tr class="passedodd"><td rowspan="2">com.BusniessCategoriesTestcase.TC_Sort_01</td><td><a href="#m48">SortTest</a></td><td rowspan="1">1676976632849</td><td rowspan="1">41786</td></tr><tr class="passedodd"><td><a href="#m49">SortTestaddPoster</a></td><td rowspan="1">1676976674643</td><td rowspan="1">10828</td></tr><tr class="passedeven"><td rowspan="1">com.CustomerTestcase.TC_Actionclass_01</td><td><a href="#m50">actionTest</a></td><td rowspan="1">1676975103182</td><td rowspan="1">68522</td></tr><tr class="passedodd"><td rowspan="2">com.CustomerTestcase.TC_CustomersAndSort_01</td><td><a href="#m51">actionSearchNegative</a></td><td rowspan="1">1676975280746</td><td rowspan="1">32569</td></tr><tr class="passedodd"><td><a href="#m52">customerTest</a></td><td rowspan="1">1676975247748</td><td rowspan="1">32998</td></tr><tr class="passedeven"><td rowspan="1">com.CustomerTestcase.TC_Edit_01</td><td><a href="#m53">EditTest</a></td><td rowspan="1">1676975314478</td><td rowspan="1">46178</td></tr><tr class="passedodd"><td rowspan="3">com.CustomerTestcase.TC_RecordPage_01</td><td><a href="#m54">recordPayment</a></td><td rowspan="1">1676975410164</td><td rowspan="1">24080</td></tr><tr class="passedodd"><td><a href="#m55">recordTest</a></td><td rowspan="1">1676975361699</td><td rowspan="1">48462</td></tr><tr class="passedodd"><td><a href="#m56">recordcustomer</a></td><td rowspan="1">1676975434244</td><td rowspan="1">12000</td></tr><tr class="passedeven"><td rowspan="8">com.CustomerTestcase.TC_Search_01</td><td><a href="#m57">SearchPosstive</a></td><td rowspan="1">1676975494968</td><td rowspan="1">23312</td></tr><tr class="passedeven"><td><a href="#m58">SearchPosstiveDate</a></td><td rowspan="1">1676975518280</td><td rowspan="1">15240</td></tr><tr class="passedeven"><td><a href="#m59">SearchPosstiveMobile</a></td><td rowspan="1">1676975544732</td><td rowspan="1">10205</td></tr><tr class="passedeven"><td><a href="#m60">SearchPosstiveName</a></td><td rowspan="1">1676975533520</td><td rowspan="1">11212</td></tr><tr class="passedeven"><td><a href="#m61">SearchPosstivestatus</a></td><td rowspan="1">1676975554937</td><td rowspan="1">11018</td></tr><tr class="passedeven"><td><a href="#m62">actionSearch</a></td><td rowspan="1">1676975565955</td><td rowspan="1">23494</td></tr><tr class="passedeven"><td><a href="#m63">actionSearchNegative</a></td><td rowspan="1">1676975589449</td><td rowspan="1">12640</td></tr><tr class="passedeven"><td><a href="#m64">searchtestNegative</a></td><td rowspan="1">1676975447433</td><td rowspan="1">47533</td></tr><tr class="passedodd"><td rowspan="1">com.FrameTestCase.ClearAddFrame</td><td><a href="#m65">Cleartest</a></td><td rowspan="1">1676974678176</td><td rowspan="1">45810</td></tr><tr class="passedeven"><td rowspan="1">com.FrameTestCase.RecordFrame</td><td><a href="#m66">recordTest</a></td><td rowspan="1">1676974409243</td><td rowspan="1">36421</td></tr><tr class="passedodd"><td rowspan="7">com.FrameTestCase.SearchFrame</td><td><a href="#m67">search</a></td><td rowspan="1">1676974474525</td><td rowspan="1">15583</td></tr><tr class="passedodd"><td><a href="#m68">searchStatus</a></td><td rowspan="1">1676974513544</td><td rowspan="1">10041</td></tr><tr class="passedodd"><td><a href="#m69">searchStatusact</a></td><td rowspan="1">1676974534714</td><td rowspan="1">10650</td></tr><tr class="passedodd"><td><a href="#m70">searchStatusall</a></td><td rowspan="1">1676974523585</td><td rowspan="1">11129</td></tr><tr class="passedodd"><td><a href="#m71">searchname</a></td><td rowspan="1">1676974490108</td><td rowspan="1">12474</td></tr><tr class="passedodd"><td><a href="#m72">searchnameNegative</a></td><td rowspan="1">1676974502582</td><td rowspan="1">10960</td></tr><tr class="passedodd"><td><a href="#m73">srchTest</a></td><td rowspan="1">1676974446645</td><td rowspan="1">27877</td></tr><tr class="passedeven"><td rowspan="1">com.FrameTestCase.SortFrame</td><td><a href="#m74">sorttest</a></td><td rowspan="1">1676974546417</td><td rowspan="1">31640</td></tr><tr class="passedodd"><td rowspan="1">com.FrameTestCase.TC_AddFrame_01</td><td><a href="#m75">Frametest</a></td><td rowspan="1">1676974579068</td><td rowspan="1">59004</td></tr><tr class="passedeven"><td rowspan="1">com.LogoutTestcase.TC_logout_01</td><td><a href="#m76">logtest</a></td><td rowspan="1">1676977507494</td><td rowspan="1">37829</td></tr><tr class="passedodd"><td rowspan="4">com.NotificationTestcase.TC_Record_01</td><td><a href="#m77">recoedtest</a></td><td rowspan="1">1676976178706</td><td rowspan="1">117885</td></tr><tr class="passedodd"><td><a href="#m78">recoedtest1</a></td><td rowspan="1">1676976296591</td><td rowspan="1">6679</td></tr><tr class="passedodd"><td><a href="#m79">recoedtest2</a></td><td rowspan="1">1676976303270</td><td rowspan="1">8187</td></tr><tr class="passedodd"><td><a href="#m80">recoedtest3</a></td><td rowspan="1">1676976311457</td><td rowspan="1">11649</td></tr><tr class="passedeven"><td rowspan="2">com.NotificationTestcase.TC_SendNotification_01</td><td><a href="#m81">notificationClear</a></td><td rowspan="1">1676976399433</td><td rowspan="1">10375</td></tr><tr class="passedeven"><td><a href="#m82">notificationMandatory</a></td><td rowspan="1">1676976409808</td><td rowspan="1">11388</td></tr><tr class="passedodd"><td rowspan="1">com.NotificationTestcase.TC_Sort_01</td><td><a href="#m83">sortTest</a></td><td rowspan="1">1676976435661</td><td rowspan="1">78495</td></tr><tr class="passedeven"><td rowspan="3">com.OtherPosterCategoriesTestcase.TC_Action_01</td><td><a href="#m84">actionTest</a></td><td rowspan="1">1676976869460</td><td rowspan="1">60875</td></tr><tr class="passedeven"><td><a href="#m85">actionTestMandatory</a></td><td rowspan="1">1676976959919</td><td rowspan="1">12699</td></tr><tr class="passedeven"><td><a href="#m86">actionTestclear</a></td><td rowspan="1">1676976930335</td><td rowspan="1">29584</td></tr><tr class="passedodd"><td rowspan="3">com.OtherPosterCategoriesTestcase.TC_AddPoster_01</td><td><a href="#m87">AddposterTest</a></td><td rowspan="1">1676977000925</td><td rowspan="1">81029</td></tr><tr class="passedodd"><td><a href="#m88">AddposterTestMandatory</a></td><td rowspan="1">1676977102824</td><td rowspan="1">7974</td></tr><tr class="passedodd"><td><a href="#m89">AddposterTestclear</a></td><td rowspan="1">1676977081954</td><td rowspan="1">20870</td></tr><tr class="passedeven"><td rowspan="1">com.OtherPosterCategoriesTestcase.TC_Edit_01</td><td><a href="#m90">actionedit</a></td><td rowspan="1">1676977180313</td><td rowspan="1">17281</td></tr><tr class="passedodd"><td rowspan="1">com.OtherPosterCategoriesTestcase.TC_Record_01</td><td><a href="#m91">recordtest</a></td><td rowspan="1">1676977198557</td><td rowspan="1">60008</td></tr><tr class="passedeven"><td rowspan="4">com.OtherPosterCategoriesTestcase.TC_Search_01</td><td><a href="#m92">SearchActionnegative</a></td><td rowspan="1">1676977369248</td><td rowspan="1">9649</td></tr><tr class="passedeven"><td><a href="#m93">SearchActionpostive</a></td><td rowspan="1">1676977345135</td><td rowspan="1">24113</td></tr><tr class="passedeven"><td><a href="#m94">SearchNegative</a></td><td rowspan="1">1676977338119</td><td rowspan="1">7016</td></tr><tr class="passedeven"><td><a href="#m95">SearchPostive</a></td><td rowspan="1">1676977290784</td><td rowspan="1">47335</td></tr><tr class="passedodd"><td rowspan="2">com.OtherPosterCategoriesTestcase.TC_Sort_01</td><td><a href="#m96">sortTest</a></td><td rowspan="1">1676977391105</td><td rowspan="1">46575</td></tr><tr class="passedodd"><td><a href="#m97">sortTestaction</a></td><td rowspan="1">1676977437680</td><td rowspan="1">23645</td></tr><tr class="passedeven"><td rowspan="1">com.SettingsTestcase.TC_Settings_01</td><td><a href="#m98">settingsTestnegative</a></td><td rowspan="1">1676977481989</td><td rowspan="1">24492</td></tr><tr class="passedodd"><td rowspan="3">com.StyleTestcase.TC_ActionEdit_01</td><td><a href="#m99">ActionSearch</a></td><td rowspan="1">1676974788436</td><td rowspan="1">14570</td></tr><tr class="passedodd"><td><a href="#m100">ActionSearchNegative</a></td><td rowspan="1">1676974803006</td><td rowspan="1">10477</td></tr><tr class="passedodd"><td><a href="#m101">action</a></td><td rowspan="1">1676974725012</td><td rowspan="1">63424</td></tr><tr class="passedeven"><td rowspan="1">com.StyleTestcase.TC_AddStyle_01</td><td><a href="#m102">addstyle</a></td><td rowspan="1">1676974898576</td><td rowspan="1">25596</td></tr><tr class="passedodd"><td rowspan="1">com.StyleTestcase.TC_Edit_01</td><td><a href="#m103">editTest</a></td><td rowspan="1">1676974927564</td><td rowspan="1">35997</td></tr><tr class="passedeven"><td rowspan="1">com.StyleTestcase.TC_RecordPerPage_01</td><td><a href="#m104">recrdtest</a></td><td rowspan="1">1676974964655</td><td rowspan="1">38582</td></tr><tr class="passedodd"><td rowspan="6">com.StyleTestcase.TC_Search_01</td><td><a href="#m105">searchtStatus</a></td><td rowspan="1">1676975064262</td><td rowspan="1">6388</td></tr><tr class="passedodd"><td><a href="#m106">searchtStyle</a></td><td rowspan="1">1676975057773</td><td rowspan="1">6489</td></tr><tr class="passedodd"><td><a href="#m107">searchtest</a></td><td rowspan="1">1676975004384</td><td rowspan="1">29704</td></tr><tr class="passedodd"><td><a href="#m108">searchtitleposstive</a></td><td rowspan="1">1676975042103</td><td rowspan="1">8900</td></tr><tr class="passedodd"><td><a href="#m109">srchtest</a></td><td rowspan="1">1676975034088</td><td rowspan="1">8010</td></tr><tr class="passedodd"><td><a href="#m110">srchtittleNEGATIVE</a></td><td rowspan="1">1676975051003</td><td rowspan="1">6766</td></tr><tr class="passedeven"><td rowspan="2">com.StyleTestcase.TC_Sort_01</td><td><a href="#m111">sorttest</a></td><td rowspan="1">1676975071862</td><td rowspan="1">23762</td></tr><tr class="passedeven"><td><a href="#m112">sorttestStyle</a></td><td rowspan="1">1676975095624</td><td rowspan="1">5996</td></tr><tr class="passedodd"><td rowspan="1">com.ordersTestcase.TC_Action_01</td><td><a href="#m113">actionTest</a></td><td rowspan="1">1676975607007</td><td rowspan="1">26486</td></tr><tr class="passedeven"><td rowspan="1">com.ordersTestcase.TC_Orders_01</td><td><a href="#m114">ordersTest</a></td><td rowspan="1">1676975634704</td><td rowspan="1">33152</td></tr><tr class="passedodd"><td rowspan="1">com.ordersTestcase.TC_Records_01</td><td><a href="#m115">recordTest</a></td><td rowspan="1">1676975669796</td><td rowspan="1">36692</td></tr><tr class="passedeven"><td rowspan="8">com.ordersTestcase.TC_Search_01</td><td><a href="#m116">searchtest</a></td><td rowspan="1">1676975707432</td><td rowspan="1">36382</td></tr><tr class="passedeven"><td><a href="#m117">searchtestNegative</a></td><td rowspan="1">1676975743819</td><td rowspan="1">6289</td></tr><tr class="passedeven"><td><a href="#m118">selectDiscount</a></td><td rowspan="1">1676975805416</td><td rowspan="1">13395</td></tr><tr class="passedeven"><td><a href="#m119">selectMobilePosstive</a></td><td rowspan="1">1676975782056</td><td rowspan="1">11963</td></tr><tr class="passedeven"><td><a href="#m120">selectPosstive</a></td><td rowspan="1">1676975826644</td><td rowspan="1">13598</td></tr><tr class="passedeven"><td><a href="#m121">selectdateNegative</a></td><td rowspan="1">1676975750110</td><td rowspan="1">13740</td></tr><tr class="passedeven"><td><a href="#m122">selectdatePosstive</a></td><td rowspan="1">1676975763850</td><td rowspan="1">18206</td></tr><tr class="passedeven"><td><a href="#m123">selectorderamount</a></td><td rowspan="1">1676975794019</td><td rowspan="1">11389</td></tr></tbody>
</table>
<h2>Banner Test</h2><h3 id="m0">com.BusniessCategoriesTestcase.TC_Action_01#ActionAddposterMandatory</h3><table class="result"><tr><th>Exception</th></tr><tr><td><div class="stacktrace">org.openqa.selenium.NoSuchElementException: no such element: Unable to locate element: {&quot;method&quot;:&quot;xpath&quot;,&quot;selector&quot;:&quot;//*[@id=&quot;exampleInputEmail1&quot;]&quot;}
  (Session info: chrome=109.0.5414.122)
For documentation on this error, please visit: https://selenium.dev/exceptions/#no_such_element
Build info: version: &apos;4.7.2&apos;, revision: &apos;4d4020c3b7&apos;
System info: os.name: &apos;Windows 11&apos;, os.arch: &apos;amd64&apos;, os.version: &apos;10.0&apos;, java.version: &apos;17.0.6&apos;
Driver info: org.openqa.selenium.chrome.ChromeDriver
Command: [7abec5f6d574f38aa3f742360e1244e8, findElement {using=xpath, value=//*[@id=&quot;exampleInputEmail1&quot;]}]
Capabilities {acceptInsecureCerts: false, browserName: chrome, browserVersion: 109.0.5414.122, chrome: {chromedriverVersion: 109.0.5414.74 (e7c5703604da..., userDataDir: C:\Users\91996\AppData\Loca...}, goog:chromeOptions: {debuggerAddress: localhost:65076}, networkConnectionEnabled: false, pageLoadStrategy: normal, platformName: WINDOWS, proxy: Proxy(), se:cdp: ws://localhost:65076/devtoo..., se:cdpVersion: 109.0.5414.122, setWindowRect: true, strictFileInteractability: false, timeouts: {implicit: 0, pageLoad: 300000, script: 30000}, unhandledPromptBehavior: dismiss and notify, webauthn:extension:credBlob: true, webauthn:extension:largeBlob: true, webauthn:virtualAuthenticators: true}
Session ID: 7abec5f6d574f38aa3f742360e1244e8
	at org.openqa.selenium.remote.codec.w3c.W3CHttpResponseCodec.createException(W3CHttpResponseCodec.java:200)
	at org.openqa.selenium.remote.codec.w3c.W3CHttpResponseCodec.decode(W3CHttpResponseCodec.java:133)
	at org.openqa.selenium.remote.codec.w3c.W3CHttpResponseCodec.decode(W3CHttpResponseCodec.java:53)
	at org.openqa.selenium.remote.HttpCommandExecutor.execute(HttpCommandExecutor.java:184)
	at org.openqa.selenium.remote.service.DriverCommandExecutor.invokeExecute(DriverCommandExecutor.java:167)
	at org.openqa.selenium.remote.service.DriverCommandExecutor.execute(DriverCommandExecutor.java:142)
	at org.openqa.selenium.remote.RemoteWebDriver.execute(RemoteWebDriver.java:535)
	at org.openqa.selenium.remote.ElementLocation$ElementFinder$2.findElement(ElementLocation.java:162)
	at org.openqa.selenium.remote.ElementLocation.findElement(ElementLocation.java:60)
	at org.openqa.selenium.remote.RemoteWebDriver.findElement(RemoteWebDriver.java:351)
	at org.openqa.selenium.remote.RemoteWebDriver.findElement(RemoteWebDriver.java:343)
	at org.openqa.selenium.support.pagefactory.DefaultElementLocator.findElement(DefaultElementLocator.java:70)
	at org.openqa.selenium.support.pagefactory.internal.LocatingElementHandler.invoke(LocatingElementHandler.java:39)
	at jdk.proxy2/jdk.proxy2.$Proxy19.sendKeys(Unknown Source)
	at com.YetloPageObjects.BusniessCategories.SetEmail(BusniessCategories.java:167)
	at com.BusniessCategoriesTestcase.TC_Action_01.ActionAddposterMandatory(TC_Action_01.java:40)
	at java.base/java.util.ArrayList.forEach(ArrayList.java:1511)
... Removed 32 stack frames</div></td></tr></table><p class="totop"><a href="#summary">back to summary</a></p>
<h3 id="m1">com.BusniessCategoriesTestcase.TC_AddCategory_01#AddCategoryMandatory</h3><table class="result"><tr><th>Exception</th></tr><tr><td><div class="stacktrace">org.openqa.selenium.NoSuchElementException: no such element: Unable to locate element: {&quot;method&quot;:&quot;xpath&quot;,&quot;selector&quot;:&quot;//*[@id=&apos;sidebar-wrapper&apos;]/div[2]/a[6]&quot;}
  (Session info: chrome=109.0.5414.122)
For documentation on this error, please visit: https://selenium.dev/exceptions/#no_such_element
Build info: version: &apos;4.7.2&apos;, revision: &apos;4d4020c3b7&apos;
System info: os.name: &apos;Windows 11&apos;, os.arch: &apos;amd64&apos;, os.version: &apos;10.0&apos;, java.version: &apos;17.0.6&apos;
Driver info: org.openqa.selenium.chrome.ChromeDriver
Command: [42fca2d623abbf77672ebde65e87ac88, findElement {using=xpath, value=//*[@id=&apos;sidebar-wrapper&apos;]/div[2]/a[6]}]
Capabilities {acceptInsecureCerts: false, browserName: chrome, browserVersion: 109.0.5414.122, chrome: {chromedriverVersion: 109.0.5414.74 (e7c5703604da..., userDataDir: C:\Users\91996\AppData\Loca...}, goog:chromeOptions: {debuggerAddress: localhost:63866}, networkConnectionEnabled: false, pageLoadStrategy: normal, platformName: WINDOWS, proxy: Proxy(), se:cdp: ws://localhost:63866/devtoo..., se:cdpVersion: 109.0.5414.122, setWindowRect: true, strictFileInteractability: false, timeouts: {implicit: 0, pageLoad: 300000, script: 30000}, unhandledPromptBehavior: dismiss and notify, webauthn:extension:credBlob: true, webauthn:extension:largeBlob: true, webauthn:virtualAuthenticators: true}
Session ID: 42fca2d623abbf77672ebde65e87ac88
	at org.openqa.selenium.remote.codec.w3c.W3CHttpResponseCodec.createException(W3CHttpResponseCodec.java:200)
	at org.openqa.selenium.remote.codec.w3c.W3CHttpResponseCodec.decode(W3CHttpResponseCodec.java:133)
	at org.openqa.selenium.remote.codec.w3c.W3CHttpResponseCodec.decode(W3CHttpResponseCodec.java:53)
	at org.openqa.selenium.remote.HttpCommandExecutor.execute(HttpCommandExecutor.java:184)
	at org.openqa.selenium.remote.service.DriverCommandExecutor.invokeExecute(DriverCommandExecutor.java:167)
	at org.openqa.selenium.remote.service.DriverCommandExecutor.execute(DriverCommandExecutor.java:142)
	at org.openqa.selenium.remote.RemoteWebDriver.execute(RemoteWebDriver.java:535)
	at org.openqa.selenium.remote.ElementLocation$ElementFinder$2.findElement(ElementLocation.java:162)
	at org.openqa.selenium.remote.ElementLocation.findElement(ElementLocation.java:60)
	at org.openqa.selenium.remote.RemoteWebDriver.findElement(RemoteWebDriver.java:351)
	at org.openqa.selenium.remote.RemoteWebDriver.findElement(RemoteWebDriver.java:343)
	at org.openqa.selenium.support.pagefactory.DefaultElementLocator.findElement(DefaultElementLocator.java:70)
	at org.openqa.selenium.support.pagefactory.internal.LocatingElementHandler.invoke(LocatingElementHandler.java:39)
	at jdk.proxy2/jdk.proxy2.$Proxy19.click(Unknown Source)
	at com.YetloPageObjects.BusniessCategories.ClickBusCat(BusniessCategories.java:181)
	at com.BusniessCategoriesTestcase.TC_AddCategory_01.AddCategoryMandatory(TC_AddCategory_01.java:81)
	at java.base/java.util.ArrayList.forEach(ArrayList.java:1511)
... Removed 32 stack frames</div></td></tr></table><p class="totop"><a href="#summary">back to summary</a></p>
<h3 id="m2">com.BusniessCategoriesTestcase.TC_AddCategory_01#AddCategoryTestClear</h3><table class="result"><tr><th>Exception</th></tr><tr><td><div class="stacktrace">org.openqa.selenium.NoSuchElementException: no such element: Unable to locate element: {&quot;method&quot;:&quot;xpath&quot;,&quot;selector&quot;:&quot;//*[@id=&apos;sidebar-wrapper&apos;]/div[2]/a[6]&quot;}
  (Session info: chrome=109.0.5414.122)
For documentation on this error, please visit: https://selenium.dev/exceptions/#no_such_element
Build info: version: &apos;4.7.2&apos;, revision: &apos;4d4020c3b7&apos;
System info: os.name: &apos;Windows 11&apos;, os.arch: &apos;amd64&apos;, os.version: &apos;10.0&apos;, java.version: &apos;17.0.6&apos;
Driver info: org.openqa.selenium.chrome.ChromeDriver
Command: [42fca2d623abbf77672ebde65e87ac88, findElement {using=xpath, value=//*[@id=&apos;sidebar-wrapper&apos;]/div[2]/a[6]}]
Capabilities {acceptInsecureCerts: false, browserName: chrome, browserVersion: 109.0.5414.122, chrome: {chromedriverVersion: 109.0.5414.74 (e7c5703604da..., userDataDir: C:\Users\91996\AppData\Loca...}, goog:chromeOptions: {debuggerAddress: localhost:63866}, networkConnectionEnabled: false, pageLoadStrategy: normal, platformName: WINDOWS, proxy: Proxy(), se:cdp: ws://localhost:63866/devtoo..., se:cdpVersion: 109.0.5414.122, setWindowRect: true, strictFileInteractability: false, timeouts: {implicit: 0, pageLoad: 300000, script: 30000}, unhandledPromptBehavior: dismiss and notify, webauthn:extension:credBlob: true, webauthn:extension:largeBlob: true, webauthn:virtualAuthenticators: true}
Session ID: 42fca2d623abbf77672ebde65e87ac88
	at org.openqa.selenium.remote.codec.w3c.W3CHttpResponseCodec.createException(W3CHttpResponseCodec.java:200)
	at org.openqa.selenium.remote.codec.w3c.W3CHttpResponseCodec.decode(W3CHttpResponseCodec.java:133)
	at org.openqa.selenium.remote.codec.w3c.W3CHttpResponseCodec.decode(W3CHttpResponseCodec.java:53)
	at org.openqa.selenium.remote.HttpCommandExecutor.execute(HttpCommandExecutor.java:184)
	at org.openqa.selenium.remote.service.DriverCommandExecutor.invokeExecute(DriverCommandExecutor.java:167)
	at org.openqa.selenium.remote.service.DriverCommandExecutor.execute(DriverCommandExecutor.java:142)
	at org.openqa.selenium.remote.RemoteWebDriver.execute(RemoteWebDriver.java:535)
	at org.openqa.selenium.remote.ElementLocation$ElementFinder$2.findElement(ElementLocation.java:162)
	at org.openqa.selenium.remote.ElementLocation.findElement(ElementLocation.java:60)
	at org.openqa.selenium.remote.RemoteWebDriver.findElement(RemoteWebDriver.java:351)
	at org.openqa.selenium.remote.RemoteWebDriver.findElement(RemoteWebDriver.java:343)
	at org.openqa.selenium.support.pagefactory.DefaultElementLocator.findElement(DefaultElementLocator.java:70)
	at org.openqa.selenium.support.pagefactory.internal.LocatingElementHandler.invoke(LocatingElementHandler.java:39)
	at jdk.proxy2/jdk.proxy2.$Proxy19.click(Unknown Source)
	at com.YetloPageObjects.BusniessCategories.ClickBusCat(BusniessCategories.java:181)
	at com.BusniessCategoriesTestcase.TC_AddCategory_01.AddCategoryTestClear(TC_AddCategory_01.java:43)
	at java.base/java.util.ArrayList.forEach(ArrayList.java:1511)
... Removed 32 stack frames</div></td></tr></table><p class="totop"><a href="#summary">back to summary</a></p>
<h3 id="m3">com.BusniessCategoriesTestcase.TC_AddCategory_01#AddCategoryTestNegative</h3><table class="result"><tr><th>Exception</th></tr><tr><td><div class="stacktrace">org.openqa.selenium.NoSuchElementException: no such element: Unable to locate element: {&quot;method&quot;:&quot;xpath&quot;,&quot;selector&quot;:&quot;//*[@id=&quot;exampleInputEmail1&quot;]&quot;}
  (Session info: chrome=109.0.5414.122)
For documentation on this error, please visit: https://selenium.dev/exceptions/#no_such_element
Build info: version: &apos;4.7.2&apos;, revision: &apos;4d4020c3b7&apos;
System info: os.name: &apos;Windows 11&apos;, os.arch: &apos;amd64&apos;, os.version: &apos;10.0&apos;, java.version: &apos;17.0.6&apos;
Driver info: org.openqa.selenium.chrome.ChromeDriver
Command: [42fca2d623abbf77672ebde65e87ac88, findElement {using=xpath, value=//*[@id=&quot;exampleInputEmail1&quot;]}]
Capabilities {acceptInsecureCerts: false, browserName: chrome, browserVersion: 109.0.5414.122, chrome: {chromedriverVersion: 109.0.5414.74 (e7c5703604da..., userDataDir: C:\Users\91996\AppData\Loca...}, goog:chromeOptions: {debuggerAddress: localhost:63866}, networkConnectionEnabled: false, pageLoadStrategy: normal, platformName: WINDOWS, proxy: Proxy(), se:cdp: ws://localhost:63866/devtoo..., se:cdpVersion: 109.0.5414.122, setWindowRect: true, strictFileInteractability: false, timeouts: {implicit: 0, pageLoad: 300000, script: 30000}, unhandledPromptBehavior: dismiss and notify, webauthn:extension:credBlob: true, webauthn:extension:largeBlob: true, webauthn:virtualAuthenticators: true}
Session ID: 42fca2d623abbf77672ebde65e87ac88
	at org.openqa.selenium.remote.codec.w3c.W3CHttpResponseCodec.createException(W3CHttpResponseCodec.java:200)
	at org.openqa.selenium.remote.codec.w3c.W3CHttpResponseCodec.decode(W3CHttpResponseCodec.java:133)
	at org.openqa.selenium.remote.codec.w3c.W3CHttpResponseCodec.decode(W3CHttpResponseCodec.java:53)
	at org.openqa.selenium.remote.HttpCommandExecutor.execute(HttpCommandExecutor.java:184)
	at org.openqa.selenium.remote.service.DriverCommandExecutor.invokeExecute(DriverCommandExecutor.java:167)
	at org.openqa.selenium.remote.service.DriverCommandExecutor.execute(DriverCommandExecutor.java:142)
	at org.openqa.selenium.remote.RemoteWebDriver.execute(RemoteWebDriver.java:535)
	at org.openqa.selenium.remote.ElementLocation$ElementFinder$2.findElement(ElementLocation.java:162)
	at org.openqa.selenium.remote.ElementLocation.findElement(ElementLocation.java:60)
	at org.openqa.selenium.remote.RemoteWebDriver.findElement(RemoteWebDriver.java:351)
	at org.openqa.selenium.remote.RemoteWebDriver.findElement(RemoteWebDriver.java:343)
	at org.openqa.selenium.support.pagefactory.DefaultElementLocator.findElement(DefaultElementLocator.java:70)
	at org.openqa.selenium.support.pagefactory.internal.LocatingElementHandler.invoke(LocatingElementHandler.java:39)
	at jdk.proxy2/jdk.proxy2.$Proxy19.sendKeys(Unknown Source)
	at com.YetloPageObjects.BusniessCategories.SetEmail(BusniessCategories.java:167)
	at com.BusniessCategoriesTestcase.TC_AddCategory_01.AddCategoryTestNegative(TC_AddCategory_01.java:59)
	at java.base/java.util.ArrayList.forEach(ArrayList.java:1511)
... Removed 32 stack frames</div></td></tr></table><p class="totop"><a href="#summary">back to summary</a></p>
<h3 id="m4">com.BusniessCategoriesTestcase.TC_Edit_01#editTest</h3><table class="result"><tr><th>Exception</th></tr><tr><td><div class="stacktrace">org.openqa.selenium.InvalidSelectorException: invalid selector: Unable to locate an element with the xpath expression //*[@id=\&apos;editframesModal\&apos;]/div/form/div/div[2]/div/div[1]/div[2]/div/input because of the following error:
SyntaxError: Failed to execute &apos;evaluate&apos; on &apos;Document&apos;: The string &apos;//*[@id=\&apos;editframesModal\&apos;]/div/form/div/div[2]/div/div[1]/div[2]/div/input&apos; is not a valid XPath expression.
  (Session info: chrome=109.0.5414.122)
For documentation on this error, please visit: https://selenium.dev/exceptions/#invalid_selector_exception
Build info: version: &apos;4.7.2&apos;, revision: &apos;4d4020c3b7&apos;
System info: os.name: &apos;Windows 11&apos;, os.arch: &apos;amd64&apos;, os.version: &apos;10.0&apos;, java.version: &apos;17.0.6&apos;
Driver info: org.openqa.selenium.chrome.ChromeDriver
Command: [f34074e838c542c05678844ca460a5ce, findElement {using=xpath, value=//*[@id=\&apos;editframesModal\&apos;]/div/form/div/div[2]/div/div[1]/div[2]/div/input}]
Capabilities {acceptInsecureCerts: false, browserName: chrome, browserVersion: 109.0.5414.122, chrome: {chromedriverVersion: 109.0.5414.74 (e7c5703604da..., userDataDir: C:\Users\91996\AppData\Loca...}, goog:chromeOptions: {debuggerAddress: localhost:65472}, networkConnectionEnabled: false, pageLoadStrategy: normal, platformName: WINDOWS, proxy: Proxy(), se:cdp: ws://localhost:65472/devtoo..., se:cdpVersion: 109.0.5414.122, setWindowRect: true, strictFileInteractability: false, timeouts: {implicit: 0, pageLoad: 300000, script: 30000}, unhandledPromptBehavior: dismiss and notify, webauthn:extension:credBlob: true, webauthn:extension:largeBlob: true, webauthn:virtualAuthenticators: true}
Session ID: f34074e838c542c05678844ca460a5ce
	at org.openqa.selenium.remote.codec.w3c.W3CHttpResponseCodec.createException(W3CHttpResponseCodec.java:200)
	at org.openqa.selenium.remote.codec.w3c.W3CHttpResponseCodec.decode(W3CHttpResponseCodec.java:133)
	at org.openqa.selenium.remote.codec.w3c.W3CHttpResponseCodec.decode(W3CHttpResponseCodec.java:53)
	at org.openqa.selenium.remote.HttpCommandExecutor.execute(HttpCommandExecutor.java:184)
	at org.openqa.selenium.remote.service.DriverCommandExecutor.invokeExecute(DriverCommandExecutor.java:167)
	at org.openqa.selenium.remote.service.DriverCommandExecutor.execute(DriverCommandExecutor.java:142)
	at org.openqa.selenium.remote.RemoteWebDriver.execute(RemoteWebDriver.java:535)
	at org.openqa.selenium.remote.ElementLocation$ElementFinder$2.findElement(ElementLocation.java:162)
	at org.openqa.selenium.remote.ElementLocation.findElement(ElementLocation.java:60)
	at org.openqa.selenium.remote.RemoteWebDriver.findElement(RemoteWebDriver.java:351)
	at org.openqa.selenium.remote.RemoteWebDriver.findElement(RemoteWebDriver.java:343)
	at com.YetloPageObjects.BusniessCategories.clickimageedit(BusniessCategories.java:305)
	at com.BusniessCategoriesTestcase.TC_Edit_01.editTest(TC_Edit_01.java:27)
	at java.base/java.util.ArrayList.forEach(ArrayList.java:1511)
... Removed 32 stack frames</div></td></tr></table><p class="totop"><a href="#summary">back to summary</a></p>
<h3 id="m5">com.BusniessCategoriesTestcase.TC_Record_01#Recordtestcategory</h3><table class="result"><tr><th>Exception</th></tr><tr><td><div class="stacktrace">org.openqa.selenium.NoSuchElementException: no such element: Unable to locate element: {&quot;method&quot;:&quot;xpath&quot;,&quot;selector&quot;:&quot;//*[@id=&apos;page-content-wrapper&apos;]/div/div/div/div/div[3]/div[3]/div/div/footer/div[1]/div/label/select&quot;}
  (Session info: chrome=109.0.5414.122)
For documentation on this error, please visit: https://selenium.dev/exceptions/#no_such_element
Build info: version: &apos;4.7.2&apos;, revision: &apos;4d4020c3b7&apos;
System info: os.name: &apos;Windows 11&apos;, os.arch: &apos;amd64&apos;, os.version: &apos;10.0&apos;, java.version: &apos;17.0.6&apos;
Driver info: org.openqa.selenium.chrome.ChromeDriver
Command: [ecde3b988dd3c98e985ab91ad7a99310, findElement {using=xpath, value=//*[@id=&apos;page-content-wrapper&apos;]/div/div/div/div/div[3]/div[3]/div/div/footer/div[1]/div/label/select}]
Capabilities {acceptInsecureCerts: false, browserName: chrome, browserVersion: 109.0.5414.122, chrome: {chromedriverVersion: 109.0.5414.74 (e7c5703604da..., userDataDir: C:\Users\91996\AppData\Loca...}, goog:chromeOptions: {debuggerAddress: localhost:64755}, networkConnectionEnabled: false, pageLoadStrategy: normal, platformName: WINDOWS, proxy: Proxy(), se:cdp: ws://localhost:64755/devtoo..., se:cdpVersion: 109.0.5414.122, setWindowRect: true, strictFileInteractability: false, timeouts: {implicit: 0, pageLoad: 300000, script: 30000}, unhandledPromptBehavior: dismiss and notify, webauthn:extension:credBlob: true, webauthn:extension:largeBlob: true, webauthn:virtualAuthenticators: true}
Session ID: ecde3b988dd3c98e985ab91ad7a99310
	at org.openqa.selenium.remote.codec.w3c.W3CHttpResponseCodec.createException(W3CHttpResponseCodec.java:200)
	at org.openqa.selenium.remote.codec.w3c.W3CHttpResponseCodec.decode(W3CHttpResponseCodec.java:133)
	at org.openqa.selenium.remote.codec.w3c.W3CHttpResponseCodec.decode(W3CHttpResponseCodec.java:53)
	at org.openqa.selenium.remote.HttpCommandExecutor.execute(HttpCommandExecutor.java:184)
	at org.openqa.selenium.remote.service.DriverCommandExecutor.invokeExecute(DriverCommandExecutor.java:167)
	at org.openqa.selenium.remote.service.DriverCommandExecutor.execute(DriverCommandExecutor.java:142)
	at org.openqa.selenium.remote.RemoteWebDriver.execute(RemoteWebDriver.java:535)
	at org.openqa.selenium.remote.ElementLocation$ElementFinder$2.findElement(ElementLocation.java:162)
	at org.openqa.selenium.remote.ElementLocation.findElement(ElementLocation.java:60)
	at org.openqa.selenium.remote.RemoteWebDriver.findElement(RemoteWebDriver.java:351)
	at org.openqa.selenium.remote.RemoteWebDriver.findElement(RemoteWebDriver.java:343)
	at org.openqa.selenium.support.pagefactory.DefaultElementLocator.findElement(DefaultElementLocator.java:70)
	at org.openqa.selenium.support.pagefactory.internal.LocatingElementHandler.invoke(LocatingElementHandler.java:39)
	at jdk.proxy2/jdk.proxy2.$Proxy19.click(Unknown Source)
	at com.YetloPageObjects.BusniessCategories.clickrecordcategory(BusniessCategories.java:366)
	at com.BusniessCategoriesTestcase.TC_Record_01.Recordtestcategory(TC_Record_01.java:38)
	at java.base/java.util.ArrayList.forEach(ArrayList.java:1511)
... Removed 32 stack frames</div></td></tr></table><p class="totop"><a href="#summary">back to summary</a></p>
<h3 id="m6">com.CustomerTestcase.TC_Actionclass_01#actionmandatoryInvalid</h3><table class="result"><tr><th>Exception</th></tr><tr><td><div class="stacktrace">org.openqa.selenium.ElementClickInterceptedException: element click intercepted: Element &lt;button type=&quot;submit&quot; class=&quot;btn btn-primary px-4&quot;&gt;...&lt;/button&gt; is not clickable at point (1101, 682). Other element would receive the click: &lt;i class=&quot;phpdebugbar-fa phpdebugbar-fa-clock-o&quot;&gt;&lt;/i&gt;
  (Session info: chrome=109.0.5414.122)
Build info: version: &apos;4.7.2&apos;, revision: &apos;4d4020c3b7&apos;
System info: os.name: &apos;Windows 11&apos;, os.arch: &apos;amd64&apos;, os.version: &apos;10.0&apos;, java.version: &apos;17.0.6&apos;
Driver info: org.openqa.selenium.chrome.ChromeDriver
Command: [e00a709f2370f878494eb971885e1dd7, clickElement {id=0b41bccc-02f3-41fe-9852-bdd81f5eff33}]
Capabilities {acceptInsecureCerts: false, browserName: chrome, browserVersion: 109.0.5414.122, chrome: {chromedriverVersion: 109.0.5414.74 (e7c5703604da..., userDataDir: C:\Users\91996\AppData\Loca...}, goog:chromeOptions: {debuggerAddress: localhost:58905}, networkConnectionEnabled: false, pageLoadStrategy: normal, platformName: WINDOWS, proxy: Proxy(), se:cdp: ws://localhost:58905/devtoo..., se:cdpVersion: 109.0.5414.122, setWindowRect: true, strictFileInteractability: false, timeouts: {implicit: 0, pageLoad: 300000, script: 30000}, unhandledPromptBehavior: dismiss and notify, webauthn:extension:credBlob: true, webauthn:extension:largeBlob: true, webauthn:virtualAuthenticators: true}
Element: [[ChromeDriver: chrome on WINDOWS (e00a709f2370f878494eb971885e1dd7)] -&gt; xpath: //*[@id=&apos;addcustomerModal&apos;]/div/form/div/div[3]/button]
Session ID: e00a709f2370f878494eb971885e1dd7
	at org.openqa.selenium.remote.codec.w3c.W3CHttpResponseCodec.createException(W3CHttpResponseCodec.java:200)
	at org.openqa.selenium.remote.codec.w3c.W3CHttpResponseCodec.decode(W3CHttpResponseCodec.java:133)
	at org.openqa.selenium.remote.codec.w3c.W3CHttpResponseCodec.decode(W3CHttpResponseCodec.java:53)
	at org.openqa.selenium.remote.HttpCommandExecutor.execute(HttpCommandExecutor.java:184)
	at org.openqa.selenium.remote.service.DriverCommandExecutor.invokeExecute(DriverCommandExecutor.java:167)
	at org.openqa.selenium.remote.service.DriverCommandExecutor.execute(DriverCommandExecutor.java:142)
	at org.openqa.selenium.remote.RemoteWebDriver.execute(RemoteWebDriver.java:535)
	at org.openqa.selenium.remote.RemoteWebElement.execute(RemoteWebElement.java:257)
	at org.openqa.selenium.remote.RemoteWebElement.click(RemoteWebElement.java:78)
	at org.openqa.selenium.support.pagefactory.internal.LocatingElementHandler.invoke(LocatingElementHandler.java:52)
	at jdk.proxy2/jdk.proxy2.$Proxy19.click(Unknown Source)
	at com.YetloPageObjects.CustomerPage.ClickSave(CustomerPage.java:429)
	at com.CustomerTestcase.TC_Actionclass_01.actionmandatoryInvalid(TC_Actionclass_01.java:146)
	at java.base/java.util.ArrayList.forEach(ArrayList.java:1511)
... Removed 35 stack frames</div></td></tr></table><p class="totop"><a href="#summary">back to summary</a></p>
<h3 id="m7">com.CustomerTestcase.TC_Actionclass_01#actionmandatoryNegative</h3><table class="result"><tr><th>Exception</th></tr><tr><td><div class="stacktrace">org.openqa.selenium.ElementClickInterceptedException: element click intercepted: Element &lt;button type=&quot;submit&quot; class=&quot;btn btn-primary px-4&quot;&gt;...&lt;/button&gt; is not clickable at point (1101, 682). Other element would receive the click: &lt;span class=&quot;phpdebugbar-text&quot;&gt;...&lt;/span&gt;
  (Session info: chrome=109.0.5414.122)
Build info: version: &apos;4.7.2&apos;, revision: &apos;4d4020c3b7&apos;
System info: os.name: &apos;Windows 11&apos;, os.arch: &apos;amd64&apos;, os.version: &apos;10.0&apos;, java.version: &apos;17.0.6&apos;
Driver info: org.openqa.selenium.chrome.ChromeDriver
Command: [e00a709f2370f878494eb971885e1dd7, clickElement {id=2ed1278b-a516-4904-99d7-6852fb3ecae3}]
Capabilities {acceptInsecureCerts: false, browserName: chrome, browserVersion: 109.0.5414.122, chrome: {chromedriverVersion: 109.0.5414.74 (e7c5703604da..., userDataDir: C:\Users\91996\AppData\Loca...}, goog:chromeOptions: {debuggerAddress: localhost:58905}, networkConnectionEnabled: false, pageLoadStrategy: normal, platformName: WINDOWS, proxy: Proxy(), se:cdp: ws://localhost:58905/devtoo..., se:cdpVersion: 109.0.5414.122, setWindowRect: true, strictFileInteractability: false, timeouts: {implicit: 0, pageLoad: 300000, script: 30000}, unhandledPromptBehavior: dismiss and notify, webauthn:extension:credBlob: true, webauthn:extension:largeBlob: true, webauthn:virtualAuthenticators: true}
Element: [[ChromeDriver: chrome on WINDOWS (e00a709f2370f878494eb971885e1dd7)] -&gt; xpath: //*[@id=&apos;addcustomerModal&apos;]/div/form/div/div[3]/button]
Session ID: e00a709f2370f878494eb971885e1dd7
	at org.openqa.selenium.remote.codec.w3c.W3CHttpResponseCodec.createException(W3CHttpResponseCodec.java:200)
	at org.openqa.selenium.remote.codec.w3c.W3CHttpResponseCodec.decode(W3CHttpResponseCodec.java:133)
	at org.openqa.selenium.remote.codec.w3c.W3CHttpResponseCodec.decode(W3CHttpResponseCodec.java:53)
	at org.openqa.selenium.remote.HttpCommandExecutor.execute(HttpCommandExecutor.java:184)
	at org.openqa.selenium.remote.service.DriverCommandExecutor.invokeExecute(DriverCommandExecutor.java:167)
	at org.openqa.selenium.remote.service.DriverCommandExecutor.execute(DriverCommandExecutor.java:142)
	at org.openqa.selenium.remote.RemoteWebDriver.execute(RemoteWebDriver.java:535)
	at org.openqa.selenium.remote.RemoteWebElement.execute(RemoteWebElement.java:257)
	at org.openqa.selenium.remote.RemoteWebElement.click(RemoteWebElement.java:78)
	at org.openqa.selenium.support.pagefactory.internal.LocatingElementHandler.invoke(LocatingElementHandler.java:52)
	at jdk.proxy2/jdk.proxy2.$Proxy19.click(Unknown Source)
	at com.YetloPageObjects.CustomerPage.ClickSave(CustomerPage.java:429)
	at com.CustomerTestcase.TC_Actionclass_01.actionmandatoryNegative(TC_Actionclass_01.java:78)
	at java.base/java.util.ArrayList.forEach(ArrayList.java:1511)
... Removed 35 stack frames</div></td></tr></table><p class="totop"><a href="#summary">back to summary</a></p>
<h3 id="m8">com.CustomerTestcase.TC_Actionclass_01#actionmandatoryPosstive</h3><table class="result"><tr><th>Exception</th></tr><tr><td><div class="stacktrace">org.openqa.selenium.ElementClickInterceptedException: element click intercepted: Element &lt;button type=&quot;submit&quot; class=&quot;btn btn-primary px-4&quot;&gt;...&lt;/button&gt; is not clickable at point (1101, 682). Other element would receive the click: &lt;span class=&quot;phpdebugbar-text&quot;&gt;...&lt;/span&gt;
  (Session info: chrome=109.0.5414.122)
Build info: version: &apos;4.7.2&apos;, revision: &apos;4d4020c3b7&apos;
System info: os.name: &apos;Windows 11&apos;, os.arch: &apos;amd64&apos;, os.version: &apos;10.0&apos;, java.version: &apos;17.0.6&apos;
Driver info: org.openqa.selenium.chrome.ChromeDriver
Command: [e00a709f2370f878494eb971885e1dd7, clickElement {id=c7570a3e-9a88-4413-bab5-da8553c808c8}]
Capabilities {acceptInsecureCerts: false, browserName: chrome, browserVersion: 109.0.5414.122, chrome: {chromedriverVersion: 109.0.5414.74 (e7c5703604da..., userDataDir: C:\Users\91996\AppData\Loca...}, goog:chromeOptions: {debuggerAddress: localhost:58905}, networkConnectionEnabled: false, pageLoadStrategy: normal, platformName: WINDOWS, proxy: Proxy(), se:cdp: ws://localhost:58905/devtoo..., se:cdpVersion: 109.0.5414.122, setWindowRect: true, strictFileInteractability: false, timeouts: {implicit: 0, pageLoad: 300000, script: 30000}, unhandledPromptBehavior: dismiss and notify, webauthn:extension:credBlob: true, webauthn:extension:largeBlob: true, webauthn:virtualAuthenticators: true}
Element: [[ChromeDriver: chrome on WINDOWS (e00a709f2370f878494eb971885e1dd7)] -&gt; xpath: //*[@id=&apos;addcustomerModal&apos;]/div/form/div/div[3]/button]
Session ID: e00a709f2370f878494eb971885e1dd7
	at org.openqa.selenium.remote.codec.w3c.W3CHttpResponseCodec.createException(W3CHttpResponseCodec.java:200)
	at org.openqa.selenium.remote.codec.w3c.W3CHttpResponseCodec.decode(W3CHttpResponseCodec.java:133)
	at org.openqa.selenium.remote.codec.w3c.W3CHttpResponseCodec.decode(W3CHttpResponseCodec.java:53)
	at org.openqa.selenium.remote.HttpCommandExecutor.execute(HttpCommandExecutor.java:184)
	at org.openqa.selenium.remote.service.DriverCommandExecutor.invokeExecute(DriverCommandExecutor.java:167)
	at org.openqa.selenium.remote.service.DriverCommandExecutor.execute(DriverCommandExecutor.java:142)
	at org.openqa.selenium.remote.RemoteWebDriver.execute(RemoteWebDriver.java:535)
	at org.openqa.selenium.remote.RemoteWebElement.execute(RemoteWebElement.java:257)
	at org.openqa.selenium.remote.RemoteWebElement.click(RemoteWebElement.java:78)
	at org.openqa.selenium.support.pagefactory.internal.LocatingElementHandler.invoke(LocatingElementHandler.java:52)
	at jdk.proxy2/jdk.proxy2.$Proxy19.click(Unknown Source)
	at com.YetloPageObjects.CustomerPage.ClickSave(CustomerPage.java:429)
	at com.CustomerTestcase.TC_Actionclass_01.actionmandatoryPosstive(TC_Actionclass_01.java:109)
	at java.base/java.util.ArrayList.forEach(ArrayList.java:1511)
... Removed 35 stack frames</div></td></tr></table><p class="totop"><a href="#summary">back to summary</a></p>
<h3 id="m9">com.FrameTestCase.EditFrame#editTest</h3><table class="result"><tr><th>Exception</th></tr><tr><td><div class="stacktrace">org.openqa.selenium.ElementClickInterceptedException: element click intercepted: Element &lt;input class=&quot;form-check-input ms-3&quot; type=&quot;radio&quot; wire:model.defer=&quot;status&quot; name=&quot;inactiveRadio&quot; id=&quot;inactiveRadio_in&quot; value=&quot;I&quot;&gt; is not clickable at point (322, 692). Other element would receive the click: &lt;a class=&quot;phpdebugbar-tab&quot;&gt;...&lt;/a&gt;
  (Session info: chrome=109.0.5414.122)
Build info: version: &apos;4.7.2&apos;, revision: &apos;4d4020c3b7&apos;
System info: os.name: &apos;Windows 11&apos;, os.arch: &apos;amd64&apos;, os.version: &apos;10.0&apos;, java.version: &apos;17.0.6&apos;
Driver info: org.openqa.selenium.chrome.ChromeDriver
Command: [5690aacd3f38d648a2ac8281fbfab0c8, clickElement {id=f152978e-cd6d-4be7-ad76-a030ee0866dd}]
Capabilities {acceptInsecureCerts: false, browserName: chrome, browserVersion: 109.0.5414.122, chrome: {chromedriverVersion: 109.0.5414.74 (e7c5703604da..., userDataDir: C:\Users\91996\AppData\Loca...}, goog:chromeOptions: {debuggerAddress: localhost:55076}, networkConnectionEnabled: false, pageLoadStrategy: normal, platformName: WINDOWS, proxy: Proxy(), se:cdp: ws://localhost:55076/devtoo..., se:cdpVersion: 109.0.5414.122, setWindowRect: true, strictFileInteractability: false, timeouts: {implicit: 0, pageLoad: 300000, script: 30000}, unhandledPromptBehavior: dismiss and notify, webauthn:extension:credBlob: true, webauthn:extension:largeBlob: true, webauthn:virtualAuthenticators: true}
Element: [[ChromeDriver: chrome on WINDOWS (5690aacd3f38d648a2ac8281fbfab0c8)] -&gt; xpath: //*[@id=&apos;inactiveRadio_in&apos;]]
Session ID: 5690aacd3f38d648a2ac8281fbfab0c8
	at org.openqa.selenium.remote.codec.w3c.W3CHttpResponseCodec.createException(W3CHttpResponseCodec.java:200)
	at org.openqa.selenium.remote.codec.w3c.W3CHttpResponseCodec.decode(W3CHttpResponseCodec.java:133)
	at org.openqa.selenium.remote.codec.w3c.W3CHttpResponseCodec.decode(W3CHttpResponseCodec.java:53)
	at org.openqa.selenium.remote.HttpCommandExecutor.execute(HttpCommandExecutor.java:184)
	at org.openqa.selenium.remote.service.DriverCommandExecutor.invokeExecute(DriverCommandExecutor.java:167)
	at org.openqa.selenium.remote.service.DriverCommandExecutor.execute(DriverCommandExecutor.java:142)
	at org.openqa.selenium.remote.RemoteWebDriver.execute(RemoteWebDriver.java:535)
	at org.openqa.selenium.remote.RemoteWebElement.execute(RemoteWebElement.java:257)
	at org.openqa.selenium.remote.RemoteWebElement.click(RemoteWebElement.java:78)
	at org.openqa.selenium.support.pagefactory.internal.LocatingElementHandler.invoke(LocatingElementHandler.java:52)
	at jdk.proxy2/jdk.proxy2.$Proxy19.click(Unknown Source)
	at com.YetloPageObjects.FramePage.Setstatus1(FramePage.java:453)
	at com.FrameTestCase.EditFrame.editTest(EditFrame.java:34)
	at java.base/java.util.ArrayList.forEach(ArrayList.java:1511)
... Removed 35 stack frames</div></td></tr></table><p class="totop"><a href="#summary">back to summary</a></p>
<h3 id="m10">com.NotificationTestcase.TC_Search_01#searchTest</h3><table class="result"><tr><th>Exception</th></tr><tr><td><div class="stacktrace">org.openqa.selenium.NoSuchElementException: no such element: Unable to locate element: {&quot;method&quot;:&quot;xpath&quot;,&quot;selector&quot;:&quot;//*[@id=&quot;exampleInputEmail1&quot;]&quot;}
  (Session info: chrome=109.0.5414.122)
For documentation on this error, please visit: https://selenium.dev/exceptions/#no_such_element
Build info: version: &apos;4.7.2&apos;, revision: &apos;4d4020c3b7&apos;
System info: os.name: &apos;Windows 11&apos;, os.arch: &apos;amd64&apos;, os.version: &apos;10.0&apos;, java.version: &apos;17.0.6&apos;
Driver info: org.openqa.selenium.chrome.ChromeDriver
Command: [15b402808931adfa77595010abc80361, findElement {using=xpath, value=//*[@id=&quot;exampleInputEmail1&quot;]}]
Capabilities {acceptInsecureCerts: false, browserName: chrome, browserVersion: 109.0.5414.122, chrome: {chromedriverVersion: 109.0.5414.74 (e7c5703604da..., userDataDir: C:\Users\91996\AppData\Loca...}, goog:chromeOptions: {debuggerAddress: localhost:62513}, networkConnectionEnabled: false, pageLoadStrategy: normal, platformName: WINDOWS, proxy: Proxy(), se:cdp: ws://localhost:62513/devtoo..., se:cdpVersion: 109.0.5414.122, setWindowRect: true, strictFileInteractability: false, timeouts: {implicit: 0, pageLoad: 300000, script: 30000}, unhandledPromptBehavior: dismiss and notify, webauthn:extension:credBlob: true, webauthn:extension:largeBlob: true, webauthn:virtualAuthenticators: true}
Session ID: 15b402808931adfa77595010abc80361
	at org.openqa.selenium.remote.codec.w3c.W3CHttpResponseCodec.createException(W3CHttpResponseCodec.java:200)
	at org.openqa.selenium.remote.codec.w3c.W3CHttpResponseCodec.decode(W3CHttpResponseCodec.java:133)
	at org.openqa.selenium.remote.codec.w3c.W3CHttpResponseCodec.decode(W3CHttpResponseCodec.java:53)
	at org.openqa.selenium.remote.HttpCommandExecutor.execute(HttpCommandExecutor.java:184)
	at org.openqa.selenium.remote.service.DriverCommandExecutor.invokeExecute(DriverCommandExecutor.java:167)
	at org.openqa.selenium.remote.service.DriverCommandExecutor.execute(DriverCommandExecutor.java:142)
	at org.openqa.selenium.remote.RemoteWebDriver.execute(RemoteWebDriver.java:535)
	at org.openqa.selenium.remote.ElementLocation$ElementFinder$2.findElement(ElementLocation.java:162)
	at org.openqa.selenium.remote.ElementLocation.findElement(ElementLocation.java:60)
	at org.openqa.selenium.remote.RemoteWebDriver.findElement(RemoteWebDriver.java:351)
	at org.openqa.selenium.remote.RemoteWebDriver.findElement(RemoteWebDriver.java:343)
	at org.openqa.selenium.support.pagefactory.DefaultElementLocator.findElement(DefaultElementLocator.java:70)
	at org.openqa.selenium.support.pagefactory.internal.LocatingElementHandler.invoke(LocatingElementHandler.java:39)
	at jdk.proxy2/jdk.proxy2.$Proxy19.sendKeys(Unknown Source)
	at com.YetloPageObjects.Notification.SetEmail(Notification.java:81)
	at com.NotificationTestcase.TC_Search_01.searchTest(TC_Search_01.java:20)
	at java.base/java.util.ArrayList.forEach(ArrayList.java:1511)
... Removed 32 stack frames</div></td></tr></table><p class="totop"><a href="#summary">back to summary</a></p>
<h3 id="m11">com.NotificationTestcase.TC_Search_01#searchTestNegative</h3><table class="result"><tr><th>Exception</th></tr><tr><td><div class="stacktrace">org.openqa.selenium.NoSuchElementException: no such element: Unable to locate element: {&quot;method&quot;:&quot;xpath&quot;,&quot;selector&quot;:&quot;//*[@id=&quot;exampleInputEmail1&quot;]&quot;}
  (Session info: chrome=109.0.5414.122)
For documentation on this error, please visit: https://selenium.dev/exceptions/#no_such_element
Build info: version: &apos;4.7.2&apos;, revision: &apos;4d4020c3b7&apos;
System info: os.name: &apos;Windows 11&apos;, os.arch: &apos;amd64&apos;, os.version: &apos;10.0&apos;, java.version: &apos;17.0.6&apos;
Driver info: org.openqa.selenium.chrome.ChromeDriver
Command: [15b402808931adfa77595010abc80361, findElement {using=xpath, value=//*[@id=&quot;exampleInputEmail1&quot;]}]
Capabilities {acceptInsecureCerts: false, browserName: chrome, browserVersion: 109.0.5414.122, chrome: {chromedriverVersion: 109.0.5414.74 (e7c5703604da..., userDataDir: C:\Users\91996\AppData\Loca...}, goog:chromeOptions: {debuggerAddress: localhost:62513}, networkConnectionEnabled: false, pageLoadStrategy: normal, platformName: WINDOWS, proxy: Proxy(), se:cdp: ws://localhost:62513/devtoo..., se:cdpVersion: 109.0.5414.122, setWindowRect: true, strictFileInteractability: false, timeouts: {implicit: 0, pageLoad: 300000, script: 30000}, unhandledPromptBehavior: dismiss and notify, webauthn:extension:credBlob: true, webauthn:extension:largeBlob: true, webauthn:virtualAuthenticators: true}
Session ID: 15b402808931adfa77595010abc80361
	at org.openqa.selenium.remote.codec.w3c.W3CHttpResponseCodec.createException(W3CHttpResponseCodec.java:200)
	at org.openqa.selenium.remote.codec.w3c.W3CHttpResponseCodec.decode(W3CHttpResponseCodec.java:133)
	at org.openqa.selenium.remote.codec.w3c.W3CHttpResponseCodec.decode(W3CHttpResponseCodec.java:53)
	at org.openqa.selenium.remote.HttpCommandExecutor.execute(HttpCommandExecutor.java:184)
	at org.openqa.selenium.remote.service.DriverCommandExecutor.invokeExecute(DriverCommandExecutor.java:167)
	at org.openqa.selenium.remote.service.DriverCommandExecutor.execute(DriverCommandExecutor.java:142)
	at org.openqa.selenium.remote.RemoteWebDriver.execute(RemoteWebDriver.java:535)
	at org.openqa.selenium.remote.ElementLocation$ElementFinder$2.findElement(ElementLocation.java:162)
	at org.openqa.selenium.remote.ElementLocation.findElement(ElementLocation.java:60)
	at org.openqa.selenium.remote.RemoteWebDriver.findElement(RemoteWebDriver.java:351)
	at org.openqa.selenium.remote.RemoteWebDriver.findElement(RemoteWebDriver.java:343)
	at org.openqa.selenium.support.pagefactory.DefaultElementLocator.findElement(DefaultElementLocator.java:70)
	at org.openqa.selenium.support.pagefactory.internal.LocatingElementHandler.invoke(LocatingElementHandler.java:39)
	at jdk.proxy2/jdk.proxy2.$Proxy19.sendKeys(Unknown Source)
	at com.YetloPageObjects.Notification.SetEmail(Notification.java:81)
	at com.NotificationTestcase.TC_Search_01.searchTestNegative(TC_Search_01.java:38)
	at java.base/java.util.ArrayList.forEach(ArrayList.java:1511)
... Removed 32 stack frames</div></td></tr></table><p class="totop"><a href="#summary">back to summary</a></p>
<h3 id="m12">com.NotificationTestcase.TC_Search_01#searchTestNegative1</h3><table class="result"><tr><th>Exception</th></tr><tr><td><div class="stacktrace">org.openqa.selenium.TimeoutException: java.util.concurrent.TimeoutException
Build info: version: &apos;4.7.2&apos;, revision: &apos;4d4020c3b7&apos;
System info: os.name: &apos;Windows 11&apos;, os.arch: &apos;amd64&apos;, os.version: &apos;10.0&apos;, java.version: &apos;17.0.6&apos;
Driver info: org.openqa.selenium.chrome.ChromeDriver
Command: [15b402808931adfa77595010abc80361, clickElement {id=cc0c27e9-2da6-4368-92cb-e07a03282acb}]
Capabilities {acceptInsecureCerts: false, browserName: chrome, browserVersion: 109.0.5414.122, chrome: {chromedriverVersion: 109.0.5414.74 (e7c5703604da..., userDataDir: C:\Users\91996\AppData\Loca...}, goog:chromeOptions: {debuggerAddress: localhost:62513}, networkConnectionEnabled: false, pageLoadStrategy: normal, platformName: WINDOWS, proxy: Proxy(), se:cdp: ws://localhost:62513/devtoo..., se:cdpVersion: 109.0.5414.122, setWindowRect: true, strictFileInteractability: false, timeouts: {implicit: 0, pageLoad: 300000, script: 30000}, unhandledPromptBehavior: dismiss and notify, webauthn:extension:credBlob: true, webauthn:extension:largeBlob: true, webauthn:virtualAuthenticators: true}
Element: [[ChromeDriver: chrome on WINDOWS (15b402808931adfa77595010abc80361)] -&gt; xpath: //*[@id=&apos;sidebar-wrapper&apos;]/div[2]/a[5]]
Session ID: 15b402808931adfa77595010abc80361
	at org.openqa.selenium.remote.http.netty.NettyHttpHandler.makeCall(NettyHttpHandler.java:65)
	at org.openqa.selenium.remote.http.AddSeleniumUserAgent.lambda$apply$0(AddSeleniumUserAgent.java:42)
	at org.openqa.selenium.remote.http.Filter.lambda$andFinally$1(Filter.java:56)
	at org.openqa.selenium.remote.http.netty.NettyHttpHandler.execute(NettyHttpHandler.java:49)
	at org.openqa.selenium.remote.http.AddSeleniumUserAgent.lambda$apply$0(AddSeleniumUserAgent.java:42)
	at org.openqa.selenium.remote.http.Filter.lambda$andFinally$1(Filter.java:56)
	at org.openqa.selenium.remote.http.netty.NettyClient.execute(NettyClient.java:99)
	at org.openqa.selenium.remote.HttpCommandExecutor.execute(HttpCommandExecutor.java:181)
	at org.openqa.selenium.remote.service.DriverCommandExecutor.invokeExecute(DriverCommandExecutor.java:167)
	at org.openqa.selenium.remote.service.DriverCommandExecutor.execute(DriverCommandExecutor.java:142)
	at org.openqa.selenium.remote.RemoteWebDriver.execute(RemoteWebDriver.java:535)
	at org.openqa.selenium.remote.RemoteWebElement.execute(RemoteWebElement.java:257)
	at org.openqa.selenium.remote.RemoteWebElement.click(RemoteWebElement.java:78)
	at org.openqa.selenium.support.pagefactory.internal.LocatingElementHandler.invoke(LocatingElementHandler.java:52)
	at jdk.proxy2/jdk.proxy2.$Proxy19.click(Unknown Source)
	at com.YetloPageObjects.Notification.ClickNotification(Notification.java:95)
	at com.NotificationTestcase.TC_Search_01.searchTestNegative1(TC_Search_01.java:56)
	at java.base/java.util.ArrayList.forEach(ArrayList.java:1511)
Caused by: java.util.concurrent.TimeoutException
	at java.base/java.util.concurrent.CompletableFuture.timedGet(CompletableFuture.java:1960)
	at java.base/java.util.concurrent.CompletableFuture.get(CompletableFuture.java:2095)
	at org.asynchttpclient.netty.NettyResponseFuture.get(NettyResponseFuture.java:206)
	at org.openqa.selenium.remote.http.netty.NettyHttpHandler.makeCall(NettyHttpHandler.java:59)
	... 47 more
... Removed 30 stack frames</div></td></tr></table><p class="totop"><a href="#summary">back to summary</a></p>
<h3 id="m13">com.NotificationTestcase.TC_SendNotification_01#notification</h3><table class="result"><tr><th>Exception</th></tr><tr><td><div class="stacktrace">org.openqa.selenium.InvalidArgumentException: invalid argument
  (Session info: chrome=109.0.5414.122)
Build info: version: &apos;4.7.2&apos;, revision: &apos;4d4020c3b7&apos;
System info: os.name: &apos;Windows 11&apos;, os.arch: &apos;amd64&apos;, os.version: &apos;10.0&apos;, java.version: &apos;17.0.6&apos;
Driver info: org.openqa.selenium.chrome.ChromeDriver
Command: [a16291ccdae0b667e313bd7c6c52ddf5, clickElement {id=85dee030-db01-463e-9905-c68db1e763a9}]
Capabilities {acceptInsecureCerts: false, browserName: chrome, browserVersion: 109.0.5414.122, chrome: {chromedriverVersion: 109.0.5414.74 (e7c5703604da..., userDataDir: C:\Users\91996\AppData\Loca...}, goog:chromeOptions: {debuggerAddress: localhost:63311}, networkConnectionEnabled: false, pageLoadStrategy: normal, platformName: WINDOWS, proxy: Proxy(), se:cdp: ws://localhost:63311/devtoo..., se:cdpVersion: 109.0.5414.122, setWindowRect: true, strictFileInteractability: false, timeouts: {implicit: 0, pageLoad: 300000, script: 30000}, unhandledPromptBehavior: dismiss and notify, webauthn:extension:credBlob: true, webauthn:extension:largeBlob: true, webauthn:virtualAuthenticators: true}
Element: [[ChromeDriver: chrome on WINDOWS (a16291ccdae0b667e313bd7c6c52ddf5)] -&gt; xpath: /html/body/div[1]/div[2]/div/div/div/div[1]/form/div/div/div/div/div[3]/input]
Session ID: a16291ccdae0b667e313bd7c6c52ddf5
	at org.openqa.selenium.remote.codec.w3c.W3CHttpResponseCodec.createException(W3CHttpResponseCodec.java:200)
	at org.openqa.selenium.remote.codec.w3c.W3CHttpResponseCodec.decode(W3CHttpResponseCodec.java:133)
	at org.openqa.selenium.remote.codec.w3c.W3CHttpResponseCodec.decode(W3CHttpResponseCodec.java:53)
	at org.openqa.selenium.remote.HttpCommandExecutor.execute(HttpCommandExecutor.java:184)
	at org.openqa.selenium.remote.service.DriverCommandExecutor.invokeExecute(DriverCommandExecutor.java:167)
	at org.openqa.selenium.remote.service.DriverCommandExecutor.execute(DriverCommandExecutor.java:142)
	at org.openqa.selenium.remote.RemoteWebDriver.execute(RemoteWebDriver.java:535)
	at org.openqa.selenium.remote.RemoteWebElement.execute(RemoteWebElement.java:257)
	at org.openqa.selenium.remote.RemoteWebElement.click(RemoteWebElement.java:78)
	at org.openqa.selenium.support.pagefactory.internal.LocatingElementHandler.invoke(LocatingElementHandler.java:52)
	at jdk.proxy2/jdk.proxy2.$Proxy19.click(Unknown Source)
	at com.YetloPageObjects.Notification.SetImage(Notification.java:112)
	at com.NotificationTestcase.TC_SendNotification_01.notification(TC_SendNotification_01.java:24)
	at java.base/java.util.ArrayList.forEach(ArrayList.java:1511)
... Removed 35 stack frames</div></td></tr></table><p class="totop"><a href="#summary">back to summary</a></p>
<h3 id="m14">com.NotificationTestcase.TC_SendNotification_01#notificationROUTINE</h3><table class="result"><tr><th>Exception</th></tr><tr><td><div class="stacktrace">org.openqa.selenium.InvalidArgumentException: invalid argument
  (Session info: chrome=109.0.5414.122)
Build info: version: &apos;4.7.2&apos;, revision: &apos;4d4020c3b7&apos;
System info: os.name: &apos;Windows 11&apos;, os.arch: &apos;amd64&apos;, os.version: &apos;10.0&apos;, java.version: &apos;17.0.6&apos;
Driver info: org.openqa.selenium.chrome.ChromeDriver
Command: [a16291ccdae0b667e313bd7c6c52ddf5, clickElement {id=e230ec24-2346-49f5-b7f5-5c68ec1b45da}]
Capabilities {acceptInsecureCerts: false, browserName: chrome, browserVersion: 109.0.5414.122, chrome: {chromedriverVersion: 109.0.5414.74 (e7c5703604da..., userDataDir: C:\Users\91996\AppData\Loca...}, goog:chromeOptions: {debuggerAddress: localhost:63311}, networkConnectionEnabled: false, pageLoadStrategy: normal, platformName: WINDOWS, proxy: Proxy(), se:cdp: ws://localhost:63311/devtoo..., se:cdpVersion: 109.0.5414.122, setWindowRect: true, strictFileInteractability: false, timeouts: {implicit: 0, pageLoad: 300000, script: 30000}, unhandledPromptBehavior: dismiss and notify, webauthn:extension:credBlob: true, webauthn:extension:largeBlob: true, webauthn:virtualAuthenticators: true}
Element: [[ChromeDriver: chrome on WINDOWS (a16291ccdae0b667e313bd7c6c52ddf5)] -&gt; xpath: /html/body/div[1]/div[2]/div/div/div/div[1]/form/div/div/div/div/div[3]/input]
Session ID: a16291ccdae0b667e313bd7c6c52ddf5
	at org.openqa.selenium.remote.codec.w3c.W3CHttpResponseCodec.createException(W3CHttpResponseCodec.java:200)
	at org.openqa.selenium.remote.codec.w3c.W3CHttpResponseCodec.decode(W3CHttpResponseCodec.java:133)
	at org.openqa.selenium.remote.codec.w3c.W3CHttpResponseCodec.decode(W3CHttpResponseCodec.java:53)
	at org.openqa.selenium.remote.HttpCommandExecutor.execute(HttpCommandExecutor.java:184)
	at org.openqa.selenium.remote.service.DriverCommandExecutor.invokeExecute(DriverCommandExecutor.java:167)
	at org.openqa.selenium.remote.service.DriverCommandExecutor.execute(DriverCommandExecutor.java:142)
	at org.openqa.selenium.remote.RemoteWebDriver.execute(RemoteWebDriver.java:535)
	at org.openqa.selenium.remote.RemoteWebElement.execute(RemoteWebElement.java:257)
	at org.openqa.selenium.remote.RemoteWebElement.click(RemoteWebElement.java:78)
	at org.openqa.selenium.support.pagefactory.internal.LocatingElementHandler.invoke(LocatingElementHandler.java:52)
	at jdk.proxy2/jdk.proxy2.$Proxy19.click(Unknown Source)
	at com.YetloPageObjects.Notification.SetImage(Notification.java:112)
	at com.NotificationTestcase.TC_SendNotification_01.notificationROUTINE(TC_SendNotification_01.java:75)
	at java.base/java.util.ArrayList.forEach(ArrayList.java:1511)
... Removed 35 stack frames</div></td></tr></table><p class="totop"><a href="#summary">back to summary</a></p>
<h3 id="m15">com.OtherPosterCategoriesTestcase.TC_Action_01#actionTesteye</h3><table class="result"><tr><th>Exception</th></tr><tr><td><div class="stacktrace">org.openqa.selenium.NoSuchElementException: no such element: Unable to locate element: {&quot;method&quot;:&quot;xpath&quot;,&quot;selector&quot;:&quot;//*[@id=&apos;content&apos;]/form/div/div/div[1]/div/div[28]&quot;}
  (Session info: chrome=109.0.5414.122)
For documentation on this error, please visit: https://selenium.dev/exceptions/#no_such_element
Build info: version: &apos;4.7.2&apos;, revision: &apos;4d4020c3b7&apos;
System info: os.name: &apos;Windows 11&apos;, os.arch: &apos;amd64&apos;, os.version: &apos;10.0&apos;, java.version: &apos;17.0.6&apos;
Driver info: org.openqa.selenium.chrome.ChromeDriver
Command: [e5d12572d86bdc1530944c573117daa7, findElement {using=xpath, value=//*[@id=&apos;content&apos;]/form/div/div/div[1]/div/div[28]}]
Capabilities {acceptInsecureCerts: false, browserName: chrome, browserVersion: 109.0.5414.122, chrome: {chromedriverVersion: 109.0.5414.74 (e7c5703604da..., userDataDir: C:\Users\91996\AppData\Loca...}, goog:chromeOptions: {debuggerAddress: localhost:49288}, networkConnectionEnabled: false, pageLoadStrategy: normal, platformName: WINDOWS, proxy: Proxy(), se:cdp: ws://localhost:49288/devtoo..., se:cdpVersion: 109.0.5414.122, setWindowRect: true, strictFileInteractability: false, timeouts: {implicit: 0, pageLoad: 300000, script: 30000}, unhandledPromptBehavior: dismiss and notify, webauthn:extension:credBlob: true, webauthn:extension:largeBlob: true, webauthn:virtualAuthenticators: true}
Session ID: e5d12572d86bdc1530944c573117daa7
	at org.openqa.selenium.remote.codec.w3c.W3CHttpResponseCodec.createException(W3CHttpResponseCodec.java:200)
	at org.openqa.selenium.remote.codec.w3c.W3CHttpResponseCodec.decode(W3CHttpResponseCodec.java:133)
	at org.openqa.selenium.remote.codec.w3c.W3CHttpResponseCodec.decode(W3CHttpResponseCodec.java:53)
	at org.openqa.selenium.remote.HttpCommandExecutor.execute(HttpCommandExecutor.java:184)
	at org.openqa.selenium.remote.service.DriverCommandExecutor.invokeExecute(DriverCommandExecutor.java:167)
	at org.openqa.selenium.remote.service.DriverCommandExecutor.execute(DriverCommandExecutor.java:142)
	at org.openqa.selenium.remote.RemoteWebDriver.execute(RemoteWebDriver.java:535)
	at org.openqa.selenium.remote.ElementLocation$ElementFinder$2.findElement(ElementLocation.java:162)
	at org.openqa.selenium.remote.ElementLocation.findElement(ElementLocation.java:60)
	at org.openqa.selenium.remote.RemoteWebDriver.findElement(RemoteWebDriver.java:351)
	at org.openqa.selenium.remote.RemoteWebDriver.findElement(RemoteWebDriver.java:343)
	at org.openqa.selenium.support.pagefactory.DefaultElementLocator.findElement(DefaultElementLocator.java:70)
	at org.openqa.selenium.support.pagefactory.internal.LocatingElementHandler.invoke(LocatingElementHandler.java:39)
	at jdk.proxy2/jdk.proxy2.$Proxy19.click(Unknown Source)
	at com.YetloPageObjects.OtherPosterCategories.clickActioncolor(OtherPosterCategories.java:331)
	at com.OtherPosterCategoriesTestcase.TC_Action_01.actionTesteye(TC_Action_01.java:90)
	at java.base/java.util.ArrayList.forEach(ArrayList.java:1511)
... Removed 32 stack frames</div></td></tr></table><p class="totop"><a href="#summary">back to summary</a></p>
<h3 id="m16">com.OtherPosterCategoriesTestcase.TC_Action_01#actionTesteyeclear</h3><table class="result"><tr><th>Exception</th></tr><tr><td><div class="stacktrace">org.openqa.selenium.NoSuchElementException: no such element: Unable to locate element: {&quot;method&quot;:&quot;xpath&quot;,&quot;selector&quot;:&quot;//*[@id=&apos;content&apos;]/form/div/div/div[1]/div/div[28]&quot;}
  (Session info: chrome=109.0.5414.122)
For documentation on this error, please visit: https://selenium.dev/exceptions/#no_such_element
Build info: version: &apos;4.7.2&apos;, revision: &apos;4d4020c3b7&apos;
System info: os.name: &apos;Windows 11&apos;, os.arch: &apos;amd64&apos;, os.version: &apos;10.0&apos;, java.version: &apos;17.0.6&apos;
Driver info: org.openqa.selenium.chrome.ChromeDriver
Command: [e5d12572d86bdc1530944c573117daa7, findElement {using=xpath, value=//*[@id=&apos;content&apos;]/form/div/div/div[1]/div/div[28]}]
Capabilities {acceptInsecureCerts: false, browserName: chrome, browserVersion: 109.0.5414.122, chrome: {chromedriverVersion: 109.0.5414.74 (e7c5703604da..., userDataDir: C:\Users\91996\AppData\Loca...}, goog:chromeOptions: {debuggerAddress: localhost:49288}, networkConnectionEnabled: false, pageLoadStrategy: normal, platformName: WINDOWS, proxy: Proxy(), se:cdp: ws://localhost:49288/devtoo..., se:cdpVersion: 109.0.5414.122, setWindowRect: true, strictFileInteractability: false, timeouts: {implicit: 0, pageLoad: 300000, script: 30000}, unhandledPromptBehavior: dismiss and notify, webauthn:extension:credBlob: true, webauthn:extension:largeBlob: true, webauthn:virtualAuthenticators: true}
Session ID: e5d12572d86bdc1530944c573117daa7
	at org.openqa.selenium.remote.codec.w3c.W3CHttpResponseCodec.createException(W3CHttpResponseCodec.java:200)
	at org.openqa.selenium.remote.codec.w3c.W3CHttpResponseCodec.decode(W3CHttpResponseCodec.java:133)
	at org.openqa.selenium.remote.codec.w3c.W3CHttpResponseCodec.decode(W3CHttpResponseCodec.java:53)
	at org.openqa.selenium.remote.HttpCommandExecutor.execute(HttpCommandExecutor.java:184)
	at org.openqa.selenium.remote.service.DriverCommandExecutor.invokeExecute(DriverCommandExecutor.java:167)
	at org.openqa.selenium.remote.service.DriverCommandExecutor.execute(DriverCommandExecutor.java:142)
	at org.openqa.selenium.remote.RemoteWebDriver.execute(RemoteWebDriver.java:535)
	at org.openqa.selenium.remote.ElementLocation$ElementFinder$2.findElement(ElementLocation.java:162)
	at org.openqa.selenium.remote.ElementLocation.findElement(ElementLocation.java:60)
	at org.openqa.selenium.remote.RemoteWebDriver.findElement(RemoteWebDriver.java:351)
	at org.openqa.selenium.remote.RemoteWebDriver.findElement(RemoteWebDriver.java:343)
	at org.openqa.selenium.support.pagefactory.DefaultElementLocator.findElement(DefaultElementLocator.java:70)
	at org.openqa.selenium.support.pagefactory.internal.LocatingElementHandler.invoke(LocatingElementHandler.java:39)
	at jdk.proxy2/jdk.proxy2.$Proxy19.click(Unknown Source)
	at com.YetloPageObjects.OtherPosterCategories.clickActioncolor(OtherPosterCategories.java:331)
	at com.OtherPosterCategoriesTestcase.TC_Action_01.actionTesteyeclear(TC_Action_01.java:118)
	at java.base/java.util.ArrayList.forEach(ArrayList.java:1511)
... Removed 32 stack frames</div></td></tr></table><p class="totop"><a href="#summary">back to summary</a></p>
<h3 id="m17">com.OtherPosterCategoriesTestcase.TC_Edit_01#actionedit1</h3><table class="result"><tr><th>Exception</th></tr><tr><td><div class="stacktrace">org.openqa.selenium.ElementClickInterceptedException: element click intercepted: Element &lt;button type=&quot;submit&quot; class=&quot;btn btn-primary px-4&quot;&gt;...&lt;/button&gt; is not clickable at point (942, 681). Other element would receive the click: &lt;span class=&quot;phpdebugbar-text&quot;&gt;...&lt;/span&gt;
  (Session info: chrome=109.0.5414.122)
Build info: version: &apos;4.7.2&apos;, revision: &apos;4d4020c3b7&apos;
System info: os.name: &apos;Windows 11&apos;, os.arch: &apos;amd64&apos;, os.version: &apos;10.0&apos;, java.version: &apos;17.0.6&apos;
Driver info: org.openqa.selenium.chrome.ChromeDriver
Command: [d87788c37594f4d28a43a3ef77cb9182, clickElement {id=3d8331b3-4fa5-4ed4-a181-5a1fbe706465}]
Capabilities {acceptInsecureCerts: false, browserName: chrome, browserVersion: 109.0.5414.122, chrome: {chromedriverVersion: 109.0.5414.74 (e7c5703604da..., userDataDir: C:\Users\91996\AppData\Loca...}, goog:chromeOptions: {debuggerAddress: localhost:50568}, networkConnectionEnabled: false, pageLoadStrategy: normal, platformName: WINDOWS, proxy: Proxy(), se:cdp: ws://localhost:50568/devtoo..., se:cdpVersion: 109.0.5414.122, setWindowRect: true, strictFileInteractability: false, timeouts: {implicit: 0, pageLoad: 300000, script: 30000}, unhandledPromptBehavior: dismiss and notify, webauthn:extension:credBlob: true, webauthn:extension:largeBlob: true, webauthn:virtualAuthenticators: true}
Element: [[ChromeDriver: chrome on WINDOWS (d87788c37594f4d28a43a3ef77cb9182)] -&gt; xpath: //*[@id=&apos;editframesModal&apos;]/div/form/div/div[3]/button]
Session ID: d87788c37594f4d28a43a3ef77cb9182
	at org.openqa.selenium.remote.codec.w3c.W3CHttpResponseCodec.createException(W3CHttpResponseCodec.java:200)
	at org.openqa.selenium.remote.codec.w3c.W3CHttpResponseCodec.decode(W3CHttpResponseCodec.java:133)
	at org.openqa.selenium.remote.codec.w3c.W3CHttpResponseCodec.decode(W3CHttpResponseCodec.java:53)
	at org.openqa.selenium.remote.HttpCommandExecutor.execute(HttpCommandExecutor.java:184)
	at org.openqa.selenium.remote.service.DriverCommandExecutor.invokeExecute(DriverCommandExecutor.java:167)
	at org.openqa.selenium.remote.service.DriverCommandExecutor.execute(DriverCommandExecutor.java:142)
	at org.openqa.selenium.remote.RemoteWebDriver.execute(RemoteWebDriver.java:535)
	at org.openqa.selenium.remote.RemoteWebElement.execute(RemoteWebElement.java:257)
	at org.openqa.selenium.remote.RemoteWebElement.click(RemoteWebElement.java:78)
	at org.openqa.selenium.support.pagefactory.internal.LocatingElementHandler.invoke(LocatingElementHandler.java:52)
	at jdk.proxy2/jdk.proxy2.$Proxy19.click(Unknown Source)
	at com.YetloPageObjects.OtherPosterCategories.clickupdate(OtherPosterCategories.java:388)
	at com.OtherPosterCategoriesTestcase.TC_Edit_01.actionedit1(TC_Edit_01.java:31)
	at java.base/java.util.ArrayList.forEach(ArrayList.java:1511)
... Removed 35 stack frames</div></td></tr></table><p class="totop"><a href="#summary">back to summary</a></p>
<h3 id="m18">com.OtherPosterCategoriesTestcase.TC_Record_01#actionTestrecord</h3><table class="result"><tr><th>Exception</th></tr><tr><td><div class="stacktrace">org.openqa.selenium.StaleElementReferenceException: stale element reference: element is not attached to the page document
  (Session info: chrome=109.0.5414.122)
For documentation on this error, please visit: https://selenium.dev/exceptions/#stale_element_reference
Build info: version: &apos;4.7.2&apos;, revision: &apos;4d4020c3b7&apos;
System info: os.name: &apos;Windows 11&apos;, os.arch: &apos;amd64&apos;, os.version: &apos;10.0&apos;, java.version: &apos;17.0.6&apos;
Driver info: org.openqa.selenium.chrome.ChromeDriver
Command: [a8845f7285883f3243472279e799d969, clickElement {id=a8f49c1a-aec0-4b17-8657-d7db31e5dee7}]
Capabilities {acceptInsecureCerts: false, browserName: chrome, browserVersion: 109.0.5414.122, chrome: {chromedriverVersion: 109.0.5414.74 (e7c5703604da..., userDataDir: C:\Users\91996\AppData\Loca...}, goog:chromeOptions: {debuggerAddress: localhost:50965}, networkConnectionEnabled: false, pageLoadStrategy: normal, platformName: WINDOWS, proxy: Proxy(), se:cdp: ws://localhost:50965/devtoo..., se:cdpVersion: 109.0.5414.122, setWindowRect: true, strictFileInteractability: false, timeouts: {implicit: 0, pageLoad: 300000, script: 30000}, unhandledPromptBehavior: dismiss and notify, webauthn:extension:credBlob: true, webauthn:extension:largeBlob: true, webauthn:virtualAuthenticators: true}
Element: [[ChromeDriver: chrome on WINDOWS (a8845f7285883f3243472279e799d969)] -&gt; xpath: //*[@id=&apos;page-content-wrapper&apos;]/div/div/div/div/div[4]/div[3]/div/div/footer/div[1]/div/label/select]
Session ID: a8845f7285883f3243472279e799d969
	at org.openqa.selenium.remote.codec.w3c.W3CHttpResponseCodec.createException(W3CHttpResponseCodec.java:200)
	at org.openqa.selenium.remote.codec.w3c.W3CHttpResponseCodec.decode(W3CHttpResponseCodec.java:133)
	at org.openqa.selenium.remote.codec.w3c.W3CHttpResponseCodec.decode(W3CHttpResponseCodec.java:53)
	at org.openqa.selenium.remote.HttpCommandExecutor.execute(HttpCommandExecutor.java:184)
	at org.openqa.selenium.remote.service.DriverCommandExecutor.invokeExecute(DriverCommandExecutor.java:167)
	at org.openqa.selenium.remote.service.DriverCommandExecutor.execute(DriverCommandExecutor.java:142)
	at org.openqa.selenium.remote.RemoteWebDriver.execute(RemoteWebDriver.java:535)
	at org.openqa.selenium.remote.RemoteWebElement.execute(RemoteWebElement.java:257)
	at org.openqa.selenium.remote.RemoteWebElement.click(RemoteWebElement.java:78)
	at org.openqa.selenium.support.pagefactory.internal.LocatingElementHandler.invoke(LocatingElementHandler.java:52)
	at jdk.proxy2/jdk.proxy2.$Proxy19.click(Unknown Source)
	at com.YetloPageObjects.OtherPosterCategories.clickrecordaction(OtherPosterCategories.java:443)
	at com.OtherPosterCategoriesTestcase.TC_Record_01.actionTestrecord(TC_Record_01.java:47)
	at java.base/java.util.ArrayList.forEach(ArrayList.java:1511)
... Removed 35 stack frames</div></td></tr></table><p class="totop"><a href="#summary">back to summary</a></p>
<h3 id="m19">com.OtherPosterCategoriesTestcase.TC_Record_01#actionTestrecord1</h3><table class="result"><tr><th>Exception</th></tr><tr><td><div class="stacktrace">org.openqa.selenium.ElementClickInterceptedException: element click intercepted: Element is not clickable at point (303, 1154)
  (Session info: chrome=109.0.5414.122)
Build info: version: &apos;4.7.2&apos;, revision: &apos;4d4020c3b7&apos;
System info: os.name: &apos;Windows 11&apos;, os.arch: &apos;amd64&apos;, os.version: &apos;10.0&apos;, java.version: &apos;17.0.6&apos;
Driver info: org.openqa.selenium.chrome.ChromeDriver
Command: [a8845f7285883f3243472279e799d969, clickElement {id=bcbea2c9-76d2-475b-b56f-28b66904ea3c}]
Capabilities {acceptInsecureCerts: false, browserName: chrome, browserVersion: 109.0.5414.122, chrome: {chromedriverVersion: 109.0.5414.74 (e7c5703604da..., userDataDir: C:\Users\91996\AppData\Loca...}, goog:chromeOptions: {debuggerAddress: localhost:50965}, networkConnectionEnabled: false, pageLoadStrategy: normal, platformName: WINDOWS, proxy: Proxy(), se:cdp: ws://localhost:50965/devtoo..., se:cdpVersion: 109.0.5414.122, setWindowRect: true, strictFileInteractability: false, timeouts: {implicit: 0, pageLoad: 300000, script: 30000}, unhandledPromptBehavior: dismiss and notify, webauthn:extension:credBlob: true, webauthn:extension:largeBlob: true, webauthn:virtualAuthenticators: true}
Element: [[ChromeDriver: chrome on WINDOWS (a8845f7285883f3243472279e799d969)] -&gt; xpath: //*[@id=&apos;page-content-wrapper&apos;]/div/div/div/div/div[4]/div[3]/div/div/footer/div[1]/div/label/select]
Session ID: a8845f7285883f3243472279e799d969
	at org.openqa.selenium.remote.codec.w3c.W3CHttpResponseCodec.createException(W3CHttpResponseCodec.java:200)
	at org.openqa.selenium.remote.codec.w3c.W3CHttpResponseCodec.decode(W3CHttpResponseCodec.java:133)
	at org.openqa.selenium.remote.codec.w3c.W3CHttpResponseCodec.decode(W3CHttpResponseCodec.java:53)
	at org.openqa.selenium.remote.HttpCommandExecutor.execute(HttpCommandExecutor.java:184)
	at org.openqa.selenium.remote.service.DriverCommandExecutor.invokeExecute(DriverCommandExecutor.java:167)
	at org.openqa.selenium.remote.service.DriverCommandExecutor.execute(DriverCommandExecutor.java:142)
	at org.openqa.selenium.remote.RemoteWebDriver.execute(RemoteWebDriver.java:535)
	at org.openqa.selenium.remote.RemoteWebElement.execute(RemoteWebElement.java:257)
	at org.openqa.selenium.remote.RemoteWebElement.click(RemoteWebElement.java:78)
	at org.openqa.selenium.support.pagefactory.internal.LocatingElementHandler.invoke(LocatingElementHandler.java:52)
	at jdk.proxy2/jdk.proxy2.$Proxy19.click(Unknown Source)
	at com.YetloPageObjects.OtherPosterCategories.clickrecordaction1(OtherPosterCategories.java:450)
	at com.OtherPosterCategoriesTestcase.TC_Record_01.actionTestrecord1(TC_Record_01.java:67)
	at java.base/java.util.ArrayList.forEach(ArrayList.java:1511)
... Removed 35 stack frames</div></td></tr></table><p class="totop"><a href="#summary">back to summary</a></p>
<h3 id="m20">com.OtherPosterCategoriesTestcase.TC_Search_01#actionTestsearch</h3><table class="result"><tr><th>Exception</th></tr><tr><td><div class="stacktrace">org.openqa.selenium.NoSuchElementException: no such element: Unable to locate element: {&quot;method&quot;:&quot;xpath&quot;,&quot;selector&quot;:&quot;//*[@id=&apos;content&apos;]/div[2]/div[1]/div/div/div/div[2]/div/label/div/input&quot;}
  (Session info: chrome=109.0.5414.122)
For documentation on this error, please visit: https://selenium.dev/exceptions/#no_such_element
Build info: version: &apos;4.7.2&apos;, revision: &apos;4d4020c3b7&apos;
System info: os.name: &apos;Windows 11&apos;, os.arch: &apos;amd64&apos;, os.version: &apos;10.0&apos;, java.version: &apos;17.0.6&apos;
Driver info: org.openqa.selenium.chrome.ChromeDriver
Command: [38bda5ed411b92bfb3ad2b463c949b2c, findElement {using=xpath, value=//*[@id=&apos;content&apos;]/div[2]/div[1]/div/div/div/div[2]/div/label/div/input}]
Capabilities {acceptInsecureCerts: false, browserName: chrome, browserVersion: 109.0.5414.122, chrome: {chromedriverVersion: 109.0.5414.74 (e7c5703604da..., userDataDir: C:\Users\91996\AppData\Loca...}, goog:chromeOptions: {debuggerAddress: localhost:51449}, networkConnectionEnabled: false, pageLoadStrategy: normal, platformName: WINDOWS, proxy: Proxy(), se:cdp: ws://localhost:51449/devtoo..., se:cdpVersion: 109.0.5414.122, setWindowRect: true, strictFileInteractability: false, timeouts: {implicit: 0, pageLoad: 300000, script: 30000}, unhandledPromptBehavior: dismiss and notify, webauthn:extension:credBlob: true, webauthn:extension:largeBlob: true, webauthn:virtualAuthenticators: true}
Session ID: 38bda5ed411b92bfb3ad2b463c949b2c
	at org.openqa.selenium.remote.codec.w3c.W3CHttpResponseCodec.createException(W3CHttpResponseCodec.java:200)
	at org.openqa.selenium.remote.codec.w3c.W3CHttpResponseCodec.decode(W3CHttpResponseCodec.java:133)
	at org.openqa.selenium.remote.codec.w3c.W3CHttpResponseCodec.decode(W3CHttpResponseCodec.java:53)
	at org.openqa.selenium.remote.HttpCommandExecutor.execute(HttpCommandExecutor.java:184)
	at org.openqa.selenium.remote.service.DriverCommandExecutor.invokeExecute(DriverCommandExecutor.java:167)
	at org.openqa.selenium.remote.service.DriverCommandExecutor.execute(DriverCommandExecutor.java:142)
	at org.openqa.selenium.remote.RemoteWebDriver.execute(RemoteWebDriver.java:535)
	at org.openqa.selenium.remote.ElementLocation$ElementFinder$2.findElement(ElementLocation.java:162)
	at org.openqa.selenium.remote.ElementLocation.findElement(ElementLocation.java:60)
	at org.openqa.selenium.remote.RemoteWebDriver.findElement(RemoteWebDriver.java:351)
	at org.openqa.selenium.remote.RemoteWebDriver.findElement(RemoteWebDriver.java:343)
	at org.openqa.selenium.support.pagefactory.DefaultElementLocator.findElement(DefaultElementLocator.java:70)
	at org.openqa.selenium.support.pagefactory.internal.LocatingElementHandler.invoke(LocatingElementHandler.java:39)
	at jdk.proxy2/jdk.proxy2.$Proxy19.sendKeys(Unknown Source)
	at com.YetloPageObjects.OtherPosterCategories.clickactionsearch(OtherPosterCategories.java:363)
	at com.OtherPosterCategoriesTestcase.TC_Search_01.actionTestsearch(TC_Search_01.java:81)
	at java.base/java.util.ArrayList.forEach(ArrayList.java:1511)
... Removed 32 stack frames</div></td></tr></table><p class="totop"><a href="#summary">back to summary</a></p>
<h3 id="m21">com.OtherPosterCategoriesTestcase.TC_Sort_01#actionTestsort</h3><table class="result"><tr><th>Exception</th></tr><tr><td><div class="stacktrace">org.openqa.selenium.NoSuchElementException: no such element: Unable to locate element: {&quot;method&quot;:&quot;xpath&quot;,&quot;selector&quot;:&quot;//*[@id=&apos;content&apos;]/div[2]/div[2]/div/table/thead/tr/th[2]/div/span[1]&quot;}
  (Session info: chrome=109.0.5414.122)
For documentation on this error, please visit: https://selenium.dev/exceptions/#no_such_element
Build info: version: &apos;4.7.2&apos;, revision: &apos;4d4020c3b7&apos;
System info: os.name: &apos;Windows 11&apos;, os.arch: &apos;amd64&apos;, os.version: &apos;10.0&apos;, java.version: &apos;17.0.6&apos;
Driver info: org.openqa.selenium.chrome.ChromeDriver
Command: [9d3f4d7d160fa40c9ef365a30f2c195d, findElement {using=xpath, value=//*[@id=&apos;content&apos;]/div[2]/div[2]/div/table/thead/tr/th[2]/div/span[1]}]
Capabilities {acceptInsecureCerts: false, browserName: chrome, browserVersion: 109.0.5414.122, chrome: {chromedriverVersion: 109.0.5414.74 (e7c5703604da..., userDataDir: C:\Users\91996\AppData\Loca...}, goog:chromeOptions: {debuggerAddress: localhost:52033}, networkConnectionEnabled: false, pageLoadStrategy: normal, platformName: WINDOWS, proxy: Proxy(), se:cdp: ws://localhost:52033/devtoo..., se:cdpVersion: 109.0.5414.122, setWindowRect: true, strictFileInteractability: false, timeouts: {implicit: 0, pageLoad: 300000, script: 30000}, unhandledPromptBehavior: dismiss and notify, webauthn:extension:credBlob: true, webauthn:extension:largeBlob: true, webauthn:virtualAuthenticators: true}
Session ID: 9d3f4d7d160fa40c9ef365a30f2c195d
	at org.openqa.selenium.remote.codec.w3c.W3CHttpResponseCodec.createException(W3CHttpResponseCodec.java:200)
	at org.openqa.selenium.remote.codec.w3c.W3CHttpResponseCodec.decode(W3CHttpResponseCodec.java:133)
	at org.openqa.selenium.remote.codec.w3c.W3CHttpResponseCodec.decode(W3CHttpResponseCodec.java:53)
	at org.openqa.selenium.remote.HttpCommandExecutor.execute(HttpCommandExecutor.java:184)
	at org.openqa.selenium.remote.service.DriverCommandExecutor.invokeExecute(DriverCommandExecutor.java:167)
	at org.openqa.selenium.remote.service.DriverCommandExecutor.execute(DriverCommandExecutor.java:142)
	at org.openqa.selenium.remote.RemoteWebDriver.execute(RemoteWebDriver.java:535)
	at org.openqa.selenium.remote.ElementLocation$ElementFinder$2.findElement(ElementLocation.java:162)
	at org.openqa.selenium.remote.ElementLocation.findElement(ElementLocation.java:60)
	at org.openqa.selenium.remote.RemoteWebDriver.findElement(RemoteWebDriver.java:351)
	at org.openqa.selenium.remote.RemoteWebDriver.findElement(RemoteWebDriver.java:343)
	at org.openqa.selenium.support.pagefactory.DefaultElementLocator.findElement(DefaultElementLocator.java:70)
	at org.openqa.selenium.support.pagefactory.internal.LocatingElementHandler.invoke(LocatingElementHandler.java:39)
	at jdk.proxy2/jdk.proxy2.$Proxy19.click(Unknown Source)
	at com.YetloPageObjects.OtherPosterCategories.clickactionsort(OtherPosterCategories.java:367)
	at com.OtherPosterCategoriesTestcase.TC_Sort_01.actionTestsort(TC_Sort_01.java:54)
	at java.base/java.util.ArrayList.forEach(ArrayList.java:1511)
... Removed 32 stack frames</div></td></tr></table><p class="totop"><a href="#summary">back to summary</a></p>
<h3 id="m22">com.StyleTestcase.TC_ActionEditClear_02#editclear</h3><table class="result"><tr><th>Exception</th></tr><tr><td><div class="stacktrace">org.openqa.selenium.ElementClickInterceptedException: element click intercepted: Element is not clickable at point (1315, 840)
  (Session info: chrome=109.0.5414.122)
Build info: version: &apos;4.7.2&apos;, revision: &apos;4d4020c3b7&apos;
System info: os.name: &apos;Windows 11&apos;, os.arch: &apos;amd64&apos;, os.version: &apos;10.0&apos;, java.version: &apos;17.0.6&apos;
Driver info: org.openqa.selenium.chrome.ChromeDriver
Command: [e952d079eb47de3653ce7de5719b5cd0, clickElement {id=481877e7-93da-457b-8307-dce3d9327e2b}]
Capabilities {acceptInsecureCerts: false, browserName: chrome, browserVersion: 109.0.5414.122, chrome: {chromedriverVersion: 109.0.5414.74 (e7c5703604da..., userDataDir: C:\Users\91996\AppData\Loca...}, goog:chromeOptions: {debuggerAddress: localhost:56895}, networkConnectionEnabled: false, pageLoadStrategy: normal, platformName: WINDOWS, proxy: Proxy(), se:cdp: ws://localhost:56895/devtoo..., se:cdpVersion: 109.0.5414.122, setWindowRect: true, strictFileInteractability: false, timeouts: {implicit: 0, pageLoad: 300000, script: 30000}, unhandledPromptBehavior: dismiss and notify, webauthn:extension:credBlob: true, webauthn:extension:largeBlob: true, webauthn:virtualAuthenticators: true}
Element: [[ChromeDriver: chrome on WINDOWS (e952d079eb47de3653ce7de5719b5cd0)] -&gt; xpath: //*[@id=&apos;page-content-wrapper&apos;]/div/div/div/div/div[3]/div[2]/div/table/tbody/tr[11]/td[5]/div/button]
Session ID: e952d079eb47de3653ce7de5719b5cd0
	at org.openqa.selenium.remote.codec.w3c.W3CHttpResponseCodec.createException(W3CHttpResponseCodec.java:200)
	at org.openqa.selenium.remote.codec.w3c.W3CHttpResponseCodec.decode(W3CHttpResponseCodec.java:133)
	at org.openqa.selenium.remote.codec.w3c.W3CHttpResponseCodec.decode(W3CHttpResponseCodec.java:53)
	at org.openqa.selenium.remote.HttpCommandExecutor.execute(HttpCommandExecutor.java:184)
	at org.openqa.selenium.remote.service.DriverCommandExecutor.invokeExecute(DriverCommandExecutor.java:167)
	at org.openqa.selenium.remote.service.DriverCommandExecutor.execute(DriverCommandExecutor.java:142)
	at org.openqa.selenium.remote.RemoteWebDriver.execute(RemoteWebDriver.java:535)
	at org.openqa.selenium.remote.RemoteWebElement.execute(RemoteWebElement.java:257)
	at org.openqa.selenium.remote.RemoteWebElement.click(RemoteWebElement.java:78)
	at org.openqa.selenium.support.pagefactory.internal.LocatingElementHandler.invoke(LocatingElementHandler.java:52)
	at jdk.proxy2/jdk.proxy2.$Proxy19.click(Unknown Source)
	at com.YetloPageObjects.StylePage.clickeye1(StylePage.java:291)
	at com.StyleTestcase.TC_ActionEditClear_02.editclear(TC_ActionEditClear_02.java:28)
	at java.base/java.util.ArrayList.forEach(ArrayList.java:1511)
... Removed 35 stack frames</div></td></tr></table><p class="totop"><a href="#summary">back to summary</a></p>
<h3 id="m23">com.StyleTestcase.TC_ActionEdit_01#ActionEdit</h3><table class="result"><tr><th>Exception</th></tr><tr><td><div class="stacktrace">org.openqa.selenium.ElementClickInterceptedException: element click intercepted: Element &lt;input type=&quot;text&quot; class=&quot;form-control cursor-hand&quot; readonly=&quot;&quot; value=&quot;&quot; wire:model=&quot;customer_name&quot;&gt; is not clickable at point (745, 688). Other element would receive the click: &lt;div class=&quot;phpdebugbar-header phpdebugbar-mini-design&quot;&gt;...&lt;/div&gt;
  (Session info: chrome=109.0.5414.122)
Build info: version: &apos;4.7.2&apos;, revision: &apos;4d4020c3b7&apos;
System info: os.name: &apos;Windows 11&apos;, os.arch: &apos;amd64&apos;, os.version: &apos;10.0&apos;, java.version: &apos;17.0.6&apos;
Driver info: org.openqa.selenium.chrome.ChromeDriver
Command: [4d5ed4a87e49e05dbade87ea8c4b5d24, clickElement {id=f9e3b0a7-fd75-42bb-be5c-df1d145a1e07}]
Capabilities {acceptInsecureCerts: false, browserName: chrome, browserVersion: 109.0.5414.122, chrome: {chromedriverVersion: 109.0.5414.74 (e7c5703604da..., userDataDir: C:\Users\91996\AppData\Loca...}, goog:chromeOptions: {debuggerAddress: localhost:55826}, networkConnectionEnabled: false, pageLoadStrategy: normal, platformName: WINDOWS, proxy: Proxy(), se:cdp: ws://localhost:55826/devtoo..., se:cdpVersion: 109.0.5414.122, setWindowRect: true, strictFileInteractability: false, timeouts: {implicit: 0, pageLoad: 300000, script: 30000}, unhandledPromptBehavior: dismiss and notify, webauthn:extension:credBlob: true, webauthn:extension:largeBlob: true, webauthn:virtualAuthenticators: true}
Element: [[ChromeDriver: chrome on WINDOWS (4d5ed4a87e49e05dbade87ea8c4b5d24)] -&gt; xpath: //*[@id=&apos;editframesModal&apos;]/div/form/div/div[2]/div/div[3]/div/div/input]
Session ID: 4d5ed4a87e49e05dbade87ea8c4b5d24
	at org.openqa.selenium.remote.codec.w3c.W3CHttpResponseCodec.createException(W3CHttpResponseCodec.java:200)
	at org.openqa.selenium.remote.codec.w3c.W3CHttpResponseCodec.decode(W3CHttpResponseCodec.java:133)
	at org.openqa.selenium.remote.codec.w3c.W3CHttpResponseCodec.decode(W3CHttpResponseCodec.java:53)
	at org.openqa.selenium.remote.HttpCommandExecutor.execute(HttpCommandExecutor.java:184)
	at org.openqa.selenium.remote.service.DriverCommandExecutor.invokeExecute(DriverCommandExecutor.java:167)
	at org.openqa.selenium.remote.service.DriverCommandExecutor.execute(DriverCommandExecutor.java:142)
	at org.openqa.selenium.remote.RemoteWebDriver.execute(RemoteWebDriver.java:535)
	at org.openqa.selenium.remote.RemoteWebElement.execute(RemoteWebElement.java:257)
	at org.openqa.selenium.remote.RemoteWebElement.click(RemoteWebElement.java:78)
	at org.openqa.selenium.support.pagefactory.internal.LocatingElementHandler.invoke(LocatingElementHandler.java:52)
	at jdk.proxy2/jdk.proxy2.$Proxy19.click(Unknown Source)
	at com.YetloPageObjects.StylePage.CategoryAction(StylePage.java:386)
	at com.StyleTestcase.TC_ActionEdit_01.ActionEdit(TC_ActionEdit_01.java:139)
	at java.base/java.util.ArrayList.forEach(ArrayList.java:1511)
... Removed 35 stack frames</div></td></tr></table><p class="totop"><a href="#summary">back to summary</a></p>
<h3 id="m24">com.StyleTestcase.TC_ActionEdit_01#ActionEditmandatory</h3><table class="result"><tr><th>Exception</th></tr><tr><td><div class="stacktrace">org.openqa.selenium.ElementClickInterceptedException: element click intercepted: Element &lt;input type=&quot;text&quot; class=&quot;form-control cursor-hand&quot; readonly=&quot;&quot; value=&quot;&quot; wire:model=&quot;customer_name&quot;&gt; is not clickable at point (745, 688). Other element would receive the click: &lt;div class=&quot;phpdebugbar-header phpdebugbar-mini-design&quot;&gt;...&lt;/div&gt;
  (Session info: chrome=109.0.5414.122)
Build info: version: &apos;4.7.2&apos;, revision: &apos;4d4020c3b7&apos;
System info: os.name: &apos;Windows 11&apos;, os.arch: &apos;amd64&apos;, os.version: &apos;10.0&apos;, java.version: &apos;17.0.6&apos;
Driver info: org.openqa.selenium.chrome.ChromeDriver
Command: [4d5ed4a87e49e05dbade87ea8c4b5d24, clickElement {id=f01fdeb0-f783-405e-9d01-8f6aa450dbf7}]
Capabilities {acceptInsecureCerts: false, browserName: chrome, browserVersion: 109.0.5414.122, chrome: {chromedriverVersion: 109.0.5414.74 (e7c5703604da..., userDataDir: C:\Users\91996\AppData\Loca...}, goog:chromeOptions: {debuggerAddress: localhost:55826}, networkConnectionEnabled: false, pageLoadStrategy: normal, platformName: WINDOWS, proxy: Proxy(), se:cdp: ws://localhost:55826/devtoo..., se:cdpVersion: 109.0.5414.122, setWindowRect: true, strictFileInteractability: false, timeouts: {implicit: 0, pageLoad: 300000, script: 30000}, unhandledPromptBehavior: dismiss and notify, webauthn:extension:credBlob: true, webauthn:extension:largeBlob: true, webauthn:virtualAuthenticators: true}
Element: [[ChromeDriver: chrome on WINDOWS (4d5ed4a87e49e05dbade87ea8c4b5d24)] -&gt; xpath: //*[@id=&apos;editframesModal&apos;]/div/form/div/div[2]/div/div[3]/div/div/input]
Session ID: 4d5ed4a87e49e05dbade87ea8c4b5d24
	at org.openqa.selenium.remote.codec.w3c.W3CHttpResponseCodec.createException(W3CHttpResponseCodec.java:200)
	at org.openqa.selenium.remote.codec.w3c.W3CHttpResponseCodec.decode(W3CHttpResponseCodec.java:133)
	at org.openqa.selenium.remote.codec.w3c.W3CHttpResponseCodec.decode(W3CHttpResponseCodec.java:53)
	at org.openqa.selenium.remote.HttpCommandExecutor.execute(HttpCommandExecutor.java:184)
	at org.openqa.selenium.remote.service.DriverCommandExecutor.invokeExecute(DriverCommandExecutor.java:167)
	at org.openqa.selenium.remote.service.DriverCommandExecutor.execute(DriverCommandExecutor.java:142)
	at org.openqa.selenium.remote.RemoteWebDriver.execute(RemoteWebDriver.java:535)
	at org.openqa.selenium.remote.RemoteWebElement.execute(RemoteWebElement.java:257)
	at org.openqa.selenium.remote.RemoteWebElement.click(RemoteWebElement.java:78)
	at org.openqa.selenium.support.pagefactory.internal.LocatingElementHandler.invoke(LocatingElementHandler.java:52)
	at jdk.proxy2/jdk.proxy2.$Proxy19.click(Unknown Source)
	at com.YetloPageObjects.StylePage.CategoryAction(StylePage.java:386)
	at com.StyleTestcase.TC_ActionEdit_01.ActionEditmandatory(TC_ActionEdit_01.java:111)
	at java.base/java.util.ArrayList.forEach(ArrayList.java:1511)
... Removed 35 stack frames</div></td></tr></table><p class="totop"><a href="#summary">back to summary</a></p>
<h3 id="m25">com.StyleTestcase.TC_AddStyle_01#cleartest</h3><table class="result"><tr><th>Exception</th></tr><tr><td><div class="stacktrace">org.openqa.selenium.NoSuchElementException: no such element: Unable to locate element: {&quot;method&quot;:&quot;xpath&quot;,&quot;selector&quot;:&quot;//*[@id=&quot;exampleInputEmail1&quot;]&quot;}
  (Session info: chrome=109.0.5414.122)
For documentation on this error, please visit: https://selenium.dev/exceptions/#no_such_element
Build info: version: &apos;4.7.2&apos;, revision: &apos;4d4020c3b7&apos;
System info: os.name: &apos;Windows 11&apos;, os.arch: &apos;amd64&apos;, os.version: &apos;10.0&apos;, java.version: &apos;17.0.6&apos;
Driver info: org.openqa.selenium.chrome.ChromeDriver
Command: [50f3eba73b2deff5d8d155ed63b1f105, findElement {using=xpath, value=//*[@id=&quot;exampleInputEmail1&quot;]}]
Capabilities {acceptInsecureCerts: false, browserName: chrome, browserVersion: 109.0.5414.122, chrome: {chromedriverVersion: 109.0.5414.74 (e7c5703604da..., userDataDir: C:\Users\91996\AppData\Loca...}, goog:chromeOptions: {debuggerAddress: localhost:57254}, networkConnectionEnabled: false, pageLoadStrategy: normal, platformName: WINDOWS, proxy: Proxy(), se:cdp: ws://localhost:57254/devtoo..., se:cdpVersion: 109.0.5414.122, setWindowRect: true, strictFileInteractability: false, timeouts: {implicit: 0, pageLoad: 300000, script: 30000}, unhandledPromptBehavior: dismiss and notify, webauthn:extension:credBlob: true, webauthn:extension:largeBlob: true, webauthn:virtualAuthenticators: true}
Session ID: 50f3eba73b2deff5d8d155ed63b1f105
	at org.openqa.selenium.remote.codec.w3c.W3CHttpResponseCodec.createException(W3CHttpResponseCodec.java:200)
	at org.openqa.selenium.remote.codec.w3c.W3CHttpResponseCodec.decode(W3CHttpResponseCodec.java:133)
	at org.openqa.selenium.remote.codec.w3c.W3CHttpResponseCodec.decode(W3CHttpResponseCodec.java:53)
	at org.openqa.selenium.remote.HttpCommandExecutor.execute(HttpCommandExecutor.java:184)
	at org.openqa.selenium.remote.service.DriverCommandExecutor.invokeExecute(DriverCommandExecutor.java:167)
	at org.openqa.selenium.remote.service.DriverCommandExecutor.execute(DriverCommandExecutor.java:142)
	at org.openqa.selenium.remote.RemoteWebDriver.execute(RemoteWebDriver.java:535)
	at org.openqa.selenium.remote.ElementLocation$ElementFinder$2.findElement(ElementLocation.java:162)
	at org.openqa.selenium.remote.ElementLocation.findElement(ElementLocation.java:60)
	at org.openqa.selenium.remote.RemoteWebDriver.findElement(RemoteWebDriver.java:351)
	at org.openqa.selenium.remote.RemoteWebDriver.findElement(RemoteWebDriver.java:343)
	at org.openqa.selenium.support.pagefactory.DefaultElementLocator.findElement(DefaultElementLocator.java:70)
	at org.openqa.selenium.support.pagefactory.internal.LocatingElementHandler.invoke(LocatingElementHandler.java:39)
	at jdk.proxy2/jdk.proxy2.$Proxy19.sendKeys(Unknown Source)
	at com.YetloPageObjects.StylePage.SetEmail(StylePage.java:183)
	at com.StyleTestcase.TC_AddStyle_01.cleartest(TC_AddStyle_01.java:33)
	at java.base/java.util.ArrayList.forEach(ArrayList.java:1511)
... Removed 32 stack frames</div></td></tr></table><p class="totop"><a href="#summary">back to summary</a></p>
<h3 id="m26">com.ordersTestcase.TC_Search_01#selectBuyamount</h3><table class="result"><tr><th>Exception</th></tr><tr><td><div class="stacktrace">org.openqa.selenium.NoSuchElementException: no such element: Unable to locate element: {&quot;method&quot;:&quot;xpath&quot;,&quot;selector&quot;:&quot;//*[@id=&apos;page-content-wrapper&apos;]/div/div/div/div/div[3]/div[2]/div/div/div/div[2]/a&quot;}
  (Session info: chrome=109.0.5414.122)
For documentation on this error, please visit: https://selenium.dev/exceptions/#no_such_element
Build info: version: &apos;4.7.2&apos;, revision: &apos;4d4020c3b7&apos;
System info: os.name: &apos;Windows 11&apos;, os.arch: &apos;amd64&apos;, os.version: &apos;10.0&apos;, java.version: &apos;17.0.6&apos;
Driver info: org.openqa.selenium.chrome.ChromeDriver
Command: [93f13dd486d297a8d4d9260d1259c5ee, findElement {using=xpath, value=//*[@id=&apos;page-content-wrapper&apos;]/div/div/div/div/div[3]/div[2]/div/div/div/div[2]/a}]
Capabilities {acceptInsecureCerts: false, browserName: chrome, browserVersion: 109.0.5414.122, chrome: {chromedriverVersion: 109.0.5414.74 (e7c5703604da..., userDataDir: C:\Users\91996\AppData\Loca...}, goog:chromeOptions: {debuggerAddress: localhost:61904}, networkConnectionEnabled: false, pageLoadStrategy: normal, platformName: WINDOWS, proxy: Proxy(), se:cdp: ws://localhost:61904/devtoo..., se:cdpVersion: 109.0.5414.122, setWindowRect: true, strictFileInteractability: false, timeouts: {implicit: 0, pageLoad: 300000, script: 30000}, unhandledPromptBehavior: dismiss and notify, webauthn:extension:credBlob: true, webauthn:extension:largeBlob: true, webauthn:virtualAuthenticators: true}
Session ID: 93f13dd486d297a8d4d9260d1259c5ee
	at org.openqa.selenium.remote.codec.w3c.W3CHttpResponseCodec.createException(W3CHttpResponseCodec.java:200)
	at org.openqa.selenium.remote.codec.w3c.W3CHttpResponseCodec.decode(W3CHttpResponseCodec.java:133)
	at org.openqa.selenium.remote.codec.w3c.W3CHttpResponseCodec.decode(W3CHttpResponseCodec.java:53)
	at org.openqa.selenium.remote.HttpCommandExecutor.execute(HttpCommandExecutor.java:184)
	at org.openqa.selenium.remote.service.DriverCommandExecutor.invokeExecute(DriverCommandExecutor.java:167)
	at org.openqa.selenium.remote.service.DriverCommandExecutor.execute(DriverCommandExecutor.java:142)
	at org.openqa.selenium.remote.RemoteWebDriver.execute(RemoteWebDriver.java:535)
	at org.openqa.selenium.remote.ElementLocation$ElementFinder$2.findElement(ElementLocation.java:162)
	at org.openqa.selenium.remote.ElementLocation.findElement(ElementLocation.java:60)
	at org.openqa.selenium.remote.RemoteWebDriver.findElement(RemoteWebDriver.java:351)
	at org.openqa.selenium.remote.RemoteWebDriver.findElement(RemoteWebDriver.java:343)
	at org.openqa.selenium.support.pagefactory.DefaultElementLocator.findElement(DefaultElementLocator.java:70)
	at org.openqa.selenium.support.pagefactory.internal.LocatingElementHandler.invoke(LocatingElementHandler.java:39)
	at jdk.proxy2/jdk.proxy2.$Proxy19.click(Unknown Source)
	at com.YetloPageObjects.OrdersPage.clickorders(OrdersPage.java:122)
	at com.ordersTestcase.TC_Search_01.selectBuyamount(TC_Search_01.java:148)
	at java.base/java.util.ArrayList.forEach(ArrayList.java:1511)
... Removed 32 stack frames</div></td></tr></table><p class="totop"><a href="#summary">back to summary</a></p>
<h3 id="m27">com.ordersTestcase.TC_Sort_01#sorttest</h3><table class="result"><tr><th>Exception</th></tr><tr><td><div class="stacktrace">org.openqa.selenium.NoSuchElementException: no such element: Unable to locate element: {&quot;method&quot;:&quot;xpath&quot;,&quot;selector&quot;:&quot;//*[@id=&apos;page-content-wrapper&apos;]/div/div/div/div/div[3]/div[2]/div/div/div/div[2]/a&quot;}
  (Session info: chrome=109.0.5414.122)
For documentation on this error, please visit: https://selenium.dev/exceptions/#no_such_element
Build info: version: &apos;4.7.2&apos;, revision: &apos;4d4020c3b7&apos;
System info: os.name: &apos;Windows 11&apos;, os.arch: &apos;amd64&apos;, os.version: &apos;10.0&apos;, java.version: &apos;17.0.6&apos;
Driver info: org.openqa.selenium.chrome.ChromeDriver
Command: [dbeb18fc6fa69a9551d52698f9e8707c, findElement {using=xpath, value=//*[@id=&apos;page-content-wrapper&apos;]/div/div/div/div/div[3]/div[2]/div/div/div/div[2]/a}]
Capabilities {acceptInsecureCerts: false, browserName: chrome, browserVersion: 109.0.5414.122, chrome: {chromedriverVersion: 109.0.5414.74 (e7c5703604da..., userDataDir: C:\Users\91996\AppData\Loca...}, goog:chromeOptions: {debuggerAddress: localhost:62448}, networkConnectionEnabled: false, pageLoadStrategy: normal, platformName: WINDOWS, proxy: Proxy(), se:cdp: ws://localhost:62448/devtoo..., se:cdpVersion: 109.0.5414.122, setWindowRect: true, strictFileInteractability: false, timeouts: {implicit: 0, pageLoad: 300000, script: 30000}, unhandledPromptBehavior: dismiss and notify, webauthn:extension:credBlob: true, webauthn:extension:largeBlob: true, webauthn:virtualAuthenticators: true}
Session ID: dbeb18fc6fa69a9551d52698f9e8707c
	at org.openqa.selenium.remote.codec.w3c.W3CHttpResponseCodec.createException(W3CHttpResponseCodec.java:200)
	at org.openqa.selenium.remote.codec.w3c.W3CHttpResponseCodec.decode(W3CHttpResponseCodec.java:133)
	at org.openqa.selenium.remote.codec.w3c.W3CHttpResponseCodec.decode(W3CHttpResponseCodec.java:53)
	at org.openqa.selenium.remote.HttpCommandExecutor.execute(HttpCommandExecutor.java:184)
	at org.openqa.selenium.remote.service.DriverCommandExecutor.invokeExecute(DriverCommandExecutor.java:167)
	at org.openqa.selenium.remote.service.DriverCommandExecutor.execute(DriverCommandExecutor.java:142)
	at org.openqa.selenium.remote.RemoteWebDriver.execute(RemoteWebDriver.java:535)
	at org.openqa.selenium.remote.ElementLocation$ElementFinder$2.findElement(ElementLocation.java:162)
	at org.openqa.selenium.remote.ElementLocation.findElement(ElementLocation.java:60)
	at org.openqa.selenium.remote.RemoteWebDriver.findElement(RemoteWebDriver.java:351)
	at org.openqa.selenium.remote.RemoteWebDriver.findElement(RemoteWebDriver.java:343)
	at org.openqa.selenium.support.pagefactory.DefaultElementLocator.findElement(DefaultElementLocator.java:70)
	at org.openqa.selenium.support.pagefactory.internal.LocatingElementHandler.invoke(LocatingElementHandler.java:39)
	at jdk.proxy2/jdk.proxy2.$Proxy19.click(Unknown Source)
	at com.YetloPageObjects.OrdersPage.clickorders(OrdersPage.java:122)
	at com.ordersTestcase.TC_Sort_01.sorttest(TC_Sort_01.java:18)
	at java.base/java.util.ArrayList.forEach(ArrayList.java:1511)
... Removed 32 stack frames</div></td></tr></table><p class="totop"><a href="#summary">back to summary</a></p>
<h3 id="m28">com.BannerTestcase.TC_Banner_01#TC_Banner</h3><table class="result"><tr><th class="invisible"/></tr></table><p class="totop"><a href="#summary">back to summary</a></p>
<h3 id="m29">com.BannerTestcase.TC_Banner_01#negativeDOCX</h3><table class="result"><tr><th class="invisible"/></tr></table><p class="totop"><a href="#summary">back to summary</a></p>
<h3 id="m30">com.BannerTestcase.TC_Banner_01#negativePDF</h3><table class="result"><tr><th class="invisible"/></tr></table><p class="totop"><a href="#summary">back to summary</a></p>
<h3 id="m31">com.BannerTestcase.TC_Banner_01#negativeTXT</h3><table class="result"><tr><th class="invisible"/></tr></table><p class="totop"><a href="#summary">back to summary</a></p>
<h3 id="m32">com.BannerTestcase.TC_ClearBanner_02#clearTest</h3><table class="result"><tr><th class="invisible"/></tr></table><p class="totop"><a href="#summary">back to summary</a></p>
<h3 id="m33">com.BannerTestcase.TC_Edit_01#EditNegative</h3><table class="result"><tr><th class="invisible"/></tr></table><p class="totop"><a href="#summary">back to summary</a></p>
<h3 id="m34">com.BannerTestcase.TC_Edit_01#Edittest</h3><table class="result"><tr><th class="invisible"/></tr></table><p class="totop"><a href="#summary">back to summary</a></p>
<h3 id="m35">com.BannerTestcase.TC_Record_01#RecordTest</h3><table class="result"><tr><th class="invisible"/></tr></table><p class="totop"><a href="#summary">back to summary</a></p>
<h3 id="m36">com.BannerTestcase.TC_Search_01#searchTest</h3><table class="result"><tr><th class="invisible"/></tr></table><p class="totop"><a href="#summary">back to summary</a></p>
<h3 id="m37">com.BannerTestcase.TC_Search_01#searchTestNeg</h3><table class="result"><tr><th class="invisible"/></tr></table><p class="totop"><a href="#summary">back to summary</a></p>
<h3 id="m38">com.BannerTestcase.TC_SortTest_01#Sorttest</h3><table class="result"><tr><th class="invisible"/></tr></table><p class="totop"><a href="#summary">back to summary</a></p>
<h3 id="m39">com.BusniessCategoriesTestcase.TC_Action_01#ActionAddposter</h3><table class="result"><tr><th class="invisible"/></tr></table><p class="totop"><a href="#summary">back to summary</a></p>
<h3 id="m40">com.BusniessCategoriesTestcase.TC_Action_01#ActionAddposterNegative</h3><table class="result"><tr><th class="invisible"/></tr></table><p class="totop"><a href="#summary">back to summary</a></p>
<h3 id="m41">com.BusniessCategoriesTestcase.TC_Action_01#ActionAddposterclear</h3><table class="result"><tr><th class="invisible"/></tr></table><p class="totop"><a href="#summary">back to summary</a></p>
<h3 id="m42">com.BusniessCategoriesTestcase.TC_AddCategory_01#AddCategoryTest</h3><table class="result"><tr><th class="invisible"/></tr></table><p class="totop"><a href="#summary">back to summary</a></p>
<h3 id="m43">com.BusniessCategoriesTestcase.TC_Edit_01#editTestcategory</h3><table class="result"><tr><th class="invisible"/></tr></table><p class="totop"><a href="#summary">back to summary</a></p>
<h3 id="m44">com.BusniessCategoriesTestcase.TC_Record_01#Recordtest</h3><table class="result"><tr><th class="invisible"/></tr></table><p class="totop"><a href="#summary">back to summary</a></p>
<h3 id="m45">com.BusniessCategoriesTestcase.TC_Search_01#SearchTest</h3><table class="result"><tr><th class="invisible"/></tr></table><p class="totop"><a href="#summary">back to summary</a></p>
<h3 id="m46">com.BusniessCategoriesTestcase.TC_Search_01#SearchTestNegative</h3><table class="result"><tr><th class="invisible"/></tr></table><p class="totop"><a href="#summary">back to summary</a></p>
<h3 id="m47">com.BusniessCategoriesTestcase.TC_Search_01#SearchTestname</h3><table class="result"><tr><th class="invisible"/></tr></table><p class="totop"><a href="#summary">back to summary</a></p>
<h3 id="m48">com.BusniessCategoriesTestcase.TC_Sort_01#SortTest</h3><table class="result"><tr><th class="invisible"/></tr></table><p class="totop"><a href="#summary">back to summary</a></p>
<h3 id="m49">com.BusniessCategoriesTestcase.TC_Sort_01#SortTestaddPoster</h3><table class="result"><tr><th class="invisible"/></tr></table><p class="totop"><a href="#summary">back to summary</a></p>
<h3 id="m50">com.CustomerTestcase.TC_Actionclass_01#actionTest</h3><table class="result"><tr><th class="invisible"/></tr></table><p class="totop"><a href="#summary">back to summary</a></p>
<h3 id="m51">com.CustomerTestcase.TC_CustomersAndSort_01#actionSearchNegative</h3><table class="result"><tr><th class="invisible"/></tr></table><p class="totop"><a href="#summary">back to summary</a></p>
<h3 id="m52">com.CustomerTestcase.TC_CustomersAndSort_01#customerTest</h3><table class="result"><tr><th class="invisible"/></tr></table><p class="totop"><a href="#summary">back to summary</a></p>
<h3 id="m53">com.CustomerTestcase.TC_Edit_01#EditTest</h3><table class="result"><tr><th class="invisible"/></tr></table><p class="totop"><a href="#summary">back to summary</a></p>
<h3 id="m54">com.CustomerTestcase.TC_RecordPage_01#recordPayment</h3><table class="result"><tr><th class="invisible"/></tr></table><p class="totop"><a href="#summary">back to summary</a></p>
<h3 id="m55">com.CustomerTestcase.TC_RecordPage_01#recordTest</h3><table class="result"><tr><th class="invisible"/></tr></table><p class="totop"><a href="#summary">back to summary</a></p>
<h3 id="m56">com.CustomerTestcase.TC_RecordPage_01#recordcustomer</h3><table class="result"><tr><th class="invisible"/></tr></table><p class="totop"><a href="#summary">back to summary</a></p>
<h3 id="m57">com.CustomerTestcase.TC_Search_01#SearchPosstive</h3><table class="result"><tr><th class="invisible"/></tr></table><p class="totop"><a href="#summary">back to summary</a></p>
<h3 id="m58">com.CustomerTestcase.TC_Search_01#SearchPosstiveDate</h3><table class="result"><tr><th class="invisible"/></tr></table><p class="totop"><a href="#summary">back to summary</a></p>
<h3 id="m59">com.CustomerTestcase.TC_Search_01#SearchPosstiveMobile</h3><table class="result"><tr><th class="invisible"/></tr></table><p class="totop"><a href="#summary">back to summary</a></p>
<h3 id="m60">com.CustomerTestcase.TC_Search_01#SearchPosstiveName</h3><table class="result"><tr><th class="invisible"/></tr></table><p class="totop"><a href="#summary">back to summary</a></p>
<h3 id="m61">com.CustomerTestcase.TC_Search_01#SearchPosstivestatus</h3><table class="result"><tr><th class="invisible"/></tr></table><p class="totop"><a href="#summary">back to summary</a></p>
<h3 id="m62">com.CustomerTestcase.TC_Search_01#actionSearch</h3><table class="result"><tr><th class="invisible"/></tr></table><p class="totop"><a href="#summary">back to summary</a></p>
<h3 id="m63">com.CustomerTestcase.TC_Search_01#actionSearchNegative</h3><table class="result"><tr><th class="invisible"/></tr></table><p class="totop"><a href="#summary">back to summary</a></p>
<h3 id="m64">com.CustomerTestcase.TC_Search_01#searchtestNegative</h3><table class="result"><tr><th class="invisible"/></tr></table><p class="totop"><a href="#summary">back to summary</a></p>
<h3 id="m65">com.FrameTestCase.ClearAddFrame#Cleartest</h3><table class="result"><tr><th class="invisible"/></tr></table><p class="totop"><a href="#summary">back to summary</a></p>
<h3 id="m66">com.FrameTestCase.RecordFrame#recordTest</h3><table class="result"><tr><th class="invisible"/></tr></table><p class="totop"><a href="#summary">back to summary</a></p>
<h3 id="m67">com.FrameTestCase.SearchFrame#search</h3><table class="result"><tr><th class="invisible"/></tr></table><p class="totop"><a href="#summary">back to summary</a></p>
<h3 id="m68">com.FrameTestCase.SearchFrame#searchStatus</h3><table class="result"><tr><th class="invisible"/></tr></table><p class="totop"><a href="#summary">back to summary</a></p>
<h3 id="m69">com.FrameTestCase.SearchFrame#searchStatusact</h3><table class="result"><tr><th class="invisible"/></tr></table><p class="totop"><a href="#summary">back to summary</a></p>
<h3 id="m70">com.FrameTestCase.SearchFrame#searchStatusall</h3><table class="result"><tr><th class="invisible"/></tr></table><p class="totop"><a href="#summary">back to summary</a></p>
<h3 id="m71">com.FrameTestCase.SearchFrame#searchname</h3><table class="result"><tr><th class="invisible"/></tr></table><p class="totop"><a href="#summary">back to summary</a></p>
<h3 id="m72">com.FrameTestCase.SearchFrame#searchnameNegative</h3><table class="result"><tr><th class="invisible"/></tr></table><p class="totop"><a href="#summary">back to summary</a></p>
<h3 id="m73">com.FrameTestCase.SearchFrame#srchTest</h3><table class="result"><tr><th class="invisible"/></tr></table><p class="totop"><a href="#summary">back to summary</a></p>
<h3 id="m74">com.FrameTestCase.SortFrame#sorttest</h3><table class="result"><tr><th class="invisible"/></tr></table><p class="totop"><a href="#summary">back to summary</a></p>
<h3 id="m75">com.FrameTestCase.TC_AddFrame_01#Frametest</h3><table class="result"><tr><th class="invisible"/></tr></table><p class="totop"><a href="#summary">back to summary</a></p>
<h3 id="m76">com.LogoutTestcase.TC_logout_01#logtest</h3><table class="result"><tr><th class="invisible"/></tr></table><p class="totop"><a href="#summary">back to summary</a></p>
<h3 id="m77">com.NotificationTestcase.TC_Record_01#recoedtest</h3><table class="result"><tr><th class="invisible"/></tr></table><p class="totop"><a href="#summary">back to summary</a></p>
<h3 id="m78">com.NotificationTestcase.TC_Record_01#recoedtest1</h3><table class="result"><tr><th class="invisible"/></tr></table><p class="totop"><a href="#summary">back to summary</a></p>
<h3 id="m79">com.NotificationTestcase.TC_Record_01#recoedtest2</h3><table class="result"><tr><th class="invisible"/></tr></table><p class="totop"><a href="#summary">back to summary</a></p>
<h3 id="m80">com.NotificationTestcase.TC_Record_01#recoedtest3</h3><table class="result"><tr><th class="invisible"/></tr></table><p class="totop"><a href="#summary">back to summary</a></p>
<h3 id="m81">com.NotificationTestcase.TC_SendNotification_01#notificationClear</h3><table class="result"><tr><th class="invisible"/></tr></table><p class="totop"><a href="#summary">back to summary</a></p>
<h3 id="m82">com.NotificationTestcase.TC_SendNotification_01#notificationMandatory</h3><table class="result"><tr><th class="invisible"/></tr></table><p class="totop"><a href="#summary">back to summary</a></p>
<h3 id="m83">com.NotificationTestcase.TC_Sort_01#sortTest</h3><table class="result"><tr><th class="invisible"/></tr></table><p class="totop"><a href="#summary">back to summary</a></p>
<h3 id="m84">com.OtherPosterCategoriesTestcase.TC_Action_01#actionTest</h3><table class="result"><tr><th class="invisible"/></tr></table><p class="totop"><a href="#summary">back to summary</a></p>
<h3 id="m85">com.OtherPosterCategoriesTestcase.TC_Action_01#actionTestMandatory</h3><table class="result"><tr><th class="invisible"/></tr></table><p class="totop"><a href="#summary">back to summary</a></p>
<h3 id="m86">com.OtherPosterCategoriesTestcase.TC_Action_01#actionTestclear</h3><table class="result"><tr><th class="invisible"/></tr></table><p class="totop"><a href="#summary">back to summary</a></p>
<h3 id="m87">com.OtherPosterCategoriesTestcase.TC_AddPoster_01#AddposterTest</h3><table class="result"><tr><th class="invisible"/></tr></table><p class="totop"><a href="#summary">back to summary</a></p>
<h3 id="m88">com.OtherPosterCategoriesTestcase.TC_AddPoster_01#AddposterTestMandatory</h3><table class="result"><tr><th class="invisible"/></tr></table><p class="totop"><a href="#summary">back to summary</a></p>
<h3 id="m89">com.OtherPosterCategoriesTestcase.TC_AddPoster_01#AddposterTestclear</h3><table class="result"><tr><th class="invisible"/></tr></table><p class="totop"><a href="#summary">back to summary</a></p>
<h3 id="m90">com.OtherPosterCategoriesTestcase.TC_Edit_01#actionedit</h3><table class="result"><tr><th class="invisible"/></tr></table><p class="totop"><a href="#summary">back to summary</a></p>
<h3 id="m91">com.OtherPosterCategoriesTestcase.TC_Record_01#recordtest</h3><table class="result"><tr><th class="invisible"/></tr></table><p class="totop"><a href="#summary">back to summary</a></p>
<h3 id="m92">com.OtherPosterCategoriesTestcase.TC_Search_01#SearchActionnegative</h3><table class="result"><tr><th class="invisible"/></tr></table><p class="totop"><a href="#summary">back to summary</a></p>
<h3 id="m93">com.OtherPosterCategoriesTestcase.TC_Search_01#SearchActionpostive</h3><table class="result"><tr><th class="invisible"/></tr></table><p class="totop"><a href="#summary">back to summary</a></p>
<h3 id="m94">com.OtherPosterCategoriesTestcase.TC_Search_01#SearchNegative</h3><table class="result"><tr><th class="invisible"/></tr></table><p class="totop"><a href="#summary">back to summary</a></p>
<h3 id="m95">com.OtherPosterCategoriesTestcase.TC_Search_01#SearchPostive</h3><table class="result"><tr><th class="invisible"/></tr></table><p class="totop"><a href="#summary">back to summary</a></p>
<h3 id="m96">com.OtherPosterCategoriesTestcase.TC_Sort_01#sortTest</h3><table class="result"><tr><th class="invisible"/></tr></table><p class="totop"><a href="#summary">back to summary</a></p>
<h3 id="m97">com.OtherPosterCategoriesTestcase.TC_Sort_01#sortTestaction</h3><table class="result"><tr><th class="invisible"/></tr></table><p class="totop"><a href="#summary">back to summary</a></p>
<h3 id="m98">com.SettingsTestcase.TC_Settings_01#settingsTestnegative</h3><table class="result"><tr><th class="invisible"/></tr></table><p class="totop"><a href="#summary">back to summary</a></p>
<h3 id="m99">com.StyleTestcase.TC_ActionEdit_01#ActionSearch</h3><table class="result"><tr><th class="invisible"/></tr></table><p class="totop"><a href="#summary">back to summary</a></p>
<h3 id="m100">com.StyleTestcase.TC_ActionEdit_01#ActionSearchNegative</h3><table class="result"><tr><th class="invisible"/></tr></table><p class="totop"><a href="#summary">back to summary</a></p>
<h3 id="m101">com.StyleTestcase.TC_ActionEdit_01#action</h3><table class="result"><tr><th class="invisible"/></tr></table><p class="totop"><a href="#summary">back to summary</a></p>
<h3 id="m102">com.StyleTestcase.TC_AddStyle_01#addstyle</h3><table class="result"><tr><th class="invisible"/></tr></table><p class="totop"><a href="#summary">back to summary</a></p>
<h3 id="m103">com.StyleTestcase.TC_Edit_01#editTest</h3><table class="result"><tr><th class="invisible"/></tr></table><p class="totop"><a href="#summary">back to summary</a></p>
<h3 id="m104">com.StyleTestcase.TC_RecordPerPage_01#recrdtest</h3><table class="result"><tr><th class="invisible"/></tr></table><p class="totop"><a href="#summary">back to summary</a></p>
<h3 id="m105">com.StyleTestcase.TC_Search_01#searchtStatus</h3><table class="result"><tr><th class="invisible"/></tr></table><p class="totop"><a href="#summary">back to summary</a></p>
<h3 id="m106">com.StyleTestcase.TC_Search_01#searchtStyle</h3><table class="result"><tr><th class="invisible"/></tr></table><p class="totop"><a href="#summary">back to summary</a></p>
<h3 id="m107">com.StyleTestcase.TC_Search_01#searchtest</h3><table class="result"><tr><th class="invisible"/></tr></table><p class="totop"><a href="#summary">back to summary</a></p>
<h3 id="m108">com.StyleTestcase.TC_Search_01#searchtitleposstive</h3><table class="result"><tr><th class="invisible"/></tr></table><p class="totop"><a href="#summary">back to summary</a></p>
<h3 id="m109">com.StyleTestcase.TC_Search_01#srchtest</h3><table class="result"><tr><th class="invisible"/></tr></table><p class="totop"><a href="#summary">back to summary</a></p>
<h3 id="m110">com.StyleTestcase.TC_Search_01#srchtittleNEGATIVE</h3><table class="result"><tr><th class="invisible"/></tr></table><p class="totop"><a href="#summary">back to summary</a></p>
<h3 id="m111">com.StyleTestcase.TC_Sort_01#sorttest</h3><table class="result"><tr><th class="invisible"/></tr></table><p class="totop"><a href="#summary">back to summary</a></p>
<h3 id="m112">com.StyleTestcase.TC_Sort_01#sorttestStyle</h3><table class="result"><tr><th class="invisible"/></tr></table><p class="totop"><a href="#summary">back to summary</a></p>
<h3 id="m113">com.ordersTestcase.TC_Action_01#actionTest</h3><table class="result"><tr><th class="invisible"/></tr></table><p class="totop"><a href="#summary">back to summary</a></p>
<h3 id="m114">com.ordersTestcase.TC_Orders_01#ordersTest</h3><table class="result"><tr><th class="invisible"/></tr></table><p class="totop"><a href="#summary">back to summary</a></p>
<h3 id="m115">com.ordersTestcase.TC_Records_01#recordTest</h3><table class="result"><tr><th class="invisible"/></tr></table><p class="totop"><a href="#summary">back to summary</a></p>
<h3 id="m116">com.ordersTestcase.TC_Search_01#searchtest</h3><table class="result"><tr><th class="invisible"/></tr></table><p class="totop"><a href="#summary">back to summary</a></p>
<h3 id="m117">com.ordersTestcase.TC_Search_01#searchtestNegative</h3><table class="result"><tr><th class="invisible"/></tr></table><p class="totop"><a href="#summary">back to summary</a></p>
<h3 id="m118">com.ordersTestcase.TC_Search_01#selectDiscount</h3><table class="result"><tr><th class="invisible"/></tr></table><p class="totop"><a href="#summary">back to summary</a></p>
<h3 id="m119">com.ordersTestcase.TC_Search_01#selectMobilePosstive</h3><table class="result"><tr><th class="invisible"/></tr></table><p class="totop"><a href="#summary">back to summary</a></p>
<h3 id="m120">com.ordersTestcase.TC_Search_01#selectPosstive</h3><table class="result"><tr><th class="invisible"/></tr></table><p class="totop"><a href="#summary">back to summary</a></p>
<h3 id="m121">com.ordersTestcase.TC_Search_01#selectdateNegative</h3><table class="result"><tr><th class="invisible"/></tr></table><p class="totop"><a href="#summary">back to summary</a></p>
<h3 id="m122">com.ordersTestcase.TC_Search_01#selectdatePosstive</h3><table class="result"><tr><th class="invisible"/></tr></table><p class="totop"><a href="#summary">back to summary</a></p>
<h3 id="m123">com.ordersTestcase.TC_Search_01#selectorderamount</h3><table class="result"><tr><th class="invisible"/></tr></table><p class="totop"><a href="#summary">back to summary</a></p>
</body>
</html>
